[0.125s] DEBUG:colcon:Command line arguments: ['/usr/bin/colcon', 'build']
[0.125s] DEBUG:colcon:Parsed command line arguments: Namespace(log_base=None, log_level=None, verb_name='build', build_base='build', install_base='install', merge_install=False, symlink_install=False, test_result_base=None, continue_on_error=False, executor='parallel', parallel_workers=8, event_handlers=None, ignore_user_meta=False, metas=['./colcon.meta'], base_paths=['.'], packages_ignore=None, packages_ignore_regex=None, paths=None, packages_up_to=None, packages_up_to_regex=None, packages_above=None, packages_above_and_dependencies=None, packages_above_depth=None, packages_select_by_dep=None, packages_skip_by_dep=None, packages_skip_up_to=None, packages_select_build_failed=False, packages_skip_build_finished=False, packages_select_test_failures=False, packages_skip_test_passed=False, packages_select=None, packages_skip=None, packages_select_regex=None, packages_skip_regex=None, packages_start=None, packages_end=None, cmake_args=None, cmake_target=None, cmake_target_skip_unavailable=False, cmake_clean_cache=False, cmake_clean_first=False, cmake_force_configure=False, ament_cmake_args=None, catkin_cmake_args=None, catkin_skip_building_tests=False, verb_parser=<colcon_defaults.argument_parser.defaults.DefaultArgumentsDecorator object at 0x7f7d3503d0>, verb_extension=<colcon_core.verb.build.BuildVerb object at 0x7f7d31fa00>, main=<bound method BuildVerb.main of <colcon_core.verb.build.BuildVerb object at 0x7f7d31fa00>>)
[0.302s] Level 1:colcon.colcon_core.package_discovery:discover_packages(colcon_meta) check parameters
[0.302s] Level 1:colcon.colcon_core.package_discovery:discover_packages(recursive) check parameters
[0.303s] Level 1:colcon.colcon_core.package_discovery:discover_packages(ignore) check parameters
[0.303s] Level 1:colcon.colcon_core.package_discovery:discover_packages(path) check parameters
[0.303s] Level 1:colcon.colcon_core.package_discovery:discover_packages(colcon_meta) discover
[0.303s] Level 1:colcon.colcon_core.package_discovery:discover_packages(recursive) discover
[0.303s] INFO:colcon.colcon_core.package_discovery:Crawling recursively for packages in '/home/orangepi/GM/nuc/GMaster_project/src/contact'
[0.303s] Level 1:colcon.colcon_core.package_identification:_identify(.) by extensions ['ignore', 'ignore_ament_install']
[0.303s] Level 1:colcon.colcon_core.package_identification:_identify(.) by extension 'ignore'
[0.303s] Level 1:colcon.colcon_core.package_identification:_identify(.) by extension 'ignore_ament_install'
[0.303s] Level 1:colcon.colcon_core.package_identification:_identify(.) by extensions ['colcon_pkg']
[0.303s] Level 1:colcon.colcon_core.package_identification:_identify(.) by extension 'colcon_pkg'
[0.303s] Level 1:colcon.colcon_core.package_identification:_identify(.) by extensions ['colcon_meta']
[0.303s] Level 1:colcon.colcon_core.package_identification:_identify(.) by extension 'colcon_meta'
[0.303s] Level 1:colcon.colcon_core.package_identification:_identify(.) by extensions ['ros']
[0.303s] Level 1:colcon.colcon_core.package_identification:_identify(.) by extension 'ros'
[0.322s] DEBUG:colcon.colcon_core.package_identification:Package '.' with type 'ros.ament_cmake' and name 'contact'
[0.323s] Level 1:colcon.colcon_core.package_discovery:discover_packages(recursive) using defaults
[0.323s] Level 1:colcon.colcon_core.package_discovery:discover_packages(ignore) discover
[0.323s] Level 1:colcon.colcon_core.package_discovery:discover_packages(ignore) using defaults
[0.323s] Level 1:colcon.colcon_core.package_discovery:discover_packages(path) discover
[0.323s] Level 1:colcon.colcon_core.package_discovery:discover_packages(path) using defaults
[0.347s] Level 5:colcon.colcon_core.verb:set package 'contact' build argument 'cmake_args' from command line to 'None'
[0.347s] Level 5:colcon.colcon_core.verb:set package 'contact' build argument 'cmake_target' from command line to 'None'
[0.347s] Level 5:colcon.colcon_core.verb:set package 'contact' build argument 'cmake_target_skip_unavailable' from command line to 'False'
[0.347s] Level 5:colcon.colcon_core.verb:set package 'contact' build argument 'cmake_clean_cache' from command line to 'False'
[0.347s] Level 5:colcon.colcon_core.verb:set package 'contact' build argument 'cmake_clean_first' from command line to 'False'
[0.347s] Level 5:colcon.colcon_core.verb:set package 'contact' build argument 'cmake_force_configure' from command line to 'False'
[0.347s] Level 5:colcon.colcon_core.verb:set package 'contact' build argument 'ament_cmake_args' from command line to 'None'
[0.347s] Level 5:colcon.colcon_core.verb:set package 'contact' build argument 'catkin_cmake_args' from command line to 'None'
[0.347s] Level 5:colcon.colcon_core.verb:set package 'contact' build argument 'catkin_skip_building_tests' from command line to 'False'
[0.347s] DEBUG:colcon.colcon_core.verb:Building package 'contact' with the following arguments: {'ament_cmake_args': None, 'build_base': '/home/orangepi/GM/nuc/GMaster_project/src/contact/build/contact', 'catkin_cmake_args': None, 'catkin_skip_building_tests': False, 'cmake_args': None, 'cmake_clean_cache': False, 'cmake_clean_first': False, 'cmake_force_configure': False, 'cmake_target': None, 'cmake_target_skip_unavailable': False, 'install_base': '/home/orangepi/GM/nuc/GMaster_project/src/contact/install/contact', 'merge_install': False, 'path': '/home/orangepi/GM/nuc/GMaster_project/src/contact', 'symlink_install': False, 'test_result_base': None}
[0.347s] INFO:colcon.colcon_core.executor:Executing jobs using 'parallel' executor
[0.349s] DEBUG:colcon.colcon_parallel_executor.executor.parallel:run_until_complete
[0.350s] INFO:colcon.colcon_ros.task.ament_cmake.build:Building ROS package in '/home/orangepi/GM/nuc/GMaster_project/src/contact' with build type 'ament_cmake'
[0.350s] INFO:colcon.colcon_cmake.task.cmake.build:Building CMake package in '/home/orangepi/GM/nuc/GMaster_project/src/contact'
[0.353s] INFO:colcon.colcon_core.plugin_system:Skipping extension 'colcon_core.shell.bat': Not used on non-Windows systems
[0.353s] INFO:colcon.colcon_core.shell:Skip shell extension 'powershell' for command environment: Not usable outside of PowerShell
[0.353s] DEBUG:colcon.colcon_core.shell:Skip shell extension 'dsv' for command environment
[0.367s] DEBUG:colcon.colcon_core.event_handler.log_command:Invoking command in '/home/orangepi/GM/nuc/GMaster_project/src/contact/build/contact': CMAKE_PREFIX_PATH=/opt/ros/humble /usr/bin/cmake --build /home/orangepi/GM/nuc/GMaster_project/src/contact/build/contact -- -j8 -l8
[34.012s] DEBUG:colcon.colcon_core.event_handler.log_command:Invoked command in '/home/orangepi/GM/nuc/GMaster_project/src/contact/build/contact' returned '0': CMAKE_PREFIX_PATH=/opt/ros/humble /usr/bin/cmake --build /home/orangepi/GM/nuc/GMaster_project/src/contact/build/contact -- -j8 -l8
[34.044s] DEBUG:colcon.colcon_core.event_handler.log_command:Invoking command in '/home/orangepi/GM/nuc/GMaster_project/src/contact/build/contact': CMAKE_PREFIX_PATH=/opt/ros/humble /usr/bin/cmake --install /home/orangepi/GM/nuc/GMaster_project/src/contact/build/contact
[34.087s] Level 1:colcon.colcon_core.environment:create_environment_scripts_only(contact)
[34.091s] DEBUG:colcon.colcon_core.event_handler.log_command:Invoked command in '/home/orangepi/GM/nuc/GMaster_project/src/contact/build/contact' returned '0': CMAKE_PREFIX_PATH=/opt/ros/humble /usr/bin/cmake --install /home/orangepi/GM/nuc/GMaster_project/src/contact/build/contact
[34.100s] Level 1:colcon.colcon_core.environment:checking '/home/orangepi/GM/nuc/GMaster_project/src/contact/install/contact' for CMake module files
[34.103s] Level 1:colcon.colcon_core.environment:checking '/home/orangepi/GM/nuc/GMaster_project/src/contact/install/contact' for CMake config files
[34.104s] Level 1:colcon.colcon_core.shell:create_environment_hook('contact', 'cmake_prefix_path')
[34.105s] INFO:colcon.colcon_core.shell:Creating environment hook '/home/orangepi/GM/nuc/GMaster_project/src/contact/install/contact/share/contact/hook/cmake_prefix_path.ps1'
[34.108s] INFO:colcon.colcon_core.shell:Creating environment descriptor '/home/orangepi/GM/nuc/GMaster_project/src/contact/install/contact/share/contact/hook/cmake_prefix_path.dsv'
[34.111s] INFO:colcon.colcon_core.shell:Creating environment hook '/home/orangepi/GM/nuc/GMaster_project/src/contact/install/contact/share/contact/hook/cmake_prefix_path.sh'
[34.115s] Level 1:colcon.colcon_core.environment:checking '/home/orangepi/GM/nuc/GMaster_project/src/contact/install/contact/lib'
[34.115s] Level 1:colcon.colcon_core.environment:checking '/home/orangepi/GM/nuc/GMaster_project/src/contact/install/contact/bin'
[34.116s] Level 1:colcon.colcon_core.environment:checking '/home/orangepi/GM/nuc/GMaster_project/src/contact/install/contact/lib/pkgconfig/contact.pc'
[34.123s] Level 1:colcon.colcon_core.environment:checking '/home/orangepi/GM/nuc/GMaster_project/src/contact/install/contact/lib/python3.10/site-packages'
[34.124s] Level 1:colcon.colcon_core.environment:checking '/home/orangepi/GM/nuc/GMaster_project/src/contact/install/contact/bin'
[34.126s] INFO:colcon.colcon_core.shell:Creating package script '/home/orangepi/GM/nuc/GMaster_project/src/contact/install/contact/share/contact/package.ps1'
[34.129s] INFO:colcon.colcon_core.shell:Creating package descriptor '/home/orangepi/GM/nuc/GMaster_project/src/contact/install/contact/share/contact/package.dsv'
[34.132s] INFO:colcon.colcon_core.shell:Creating package script '/home/orangepi/GM/nuc/GMaster_project/src/contact/install/contact/share/contact/package.sh'
[34.135s] INFO:colcon.colcon_core.shell:Creating package script '/home/orangepi/GM/nuc/GMaster_project/src/contact/install/contact/share/contact/package.bash'
[34.139s] INFO:colcon.colcon_core.shell:Creating package script '/home/orangepi/GM/nuc/GMaster_project/src/contact/install/contact/share/contact/package.zsh'
[34.143s] Level 1:colcon.colcon_core.environment:create_file_with_runtime_dependencies(/home/orangepi/GM/nuc/GMaster_project/src/contact/install/contact/share/colcon-core/packages/contact)
[34.147s] Level 1:colcon.colcon_core.environment:create_environment_scripts_only(contact)
[34.148s] Level 1:colcon.colcon_core.environment:checking '/home/orangepi/GM/nuc/GMaster_project/src/contact/install/contact' for CMake module files
[34.149s] Level 1:colcon.colcon_core.environment:checking '/home/orangepi/GM/nuc/GMaster_project/src/contact/install/contact' for CMake config files
[34.150s] Level 1:colcon.colcon_core.shell:create_environment_hook('contact', 'cmake_prefix_path')
[34.150s] INFO:colcon.colcon_core.shell:Creating environment hook '/home/orangepi/GM/nuc/GMaster_project/src/contact/install/contact/share/contact/hook/cmake_prefix_path.ps1'
[34.151s] INFO:colcon.colcon_core.shell:Creating environment descriptor '/home/orangepi/GM/nuc/GMaster_project/src/contact/install/contact/share/contact/hook/cmake_prefix_path.dsv'
[34.152s] INFO:colcon.colcon_core.shell:Creating environment hook '/home/orangepi/GM/nuc/GMaster_project/src/contact/install/contact/share/contact/hook/cmake_prefix_path.sh'
[34.155s] Level 1:colcon.colcon_core.environment:checking '/home/orangepi/GM/nuc/GMaster_project/src/contact/install/contact/lib'
[34.155s] Level 1:colcon.colcon_core.environment:checking '/home/orangepi/GM/nuc/GMaster_project/src/contact/install/contact/bin'
[34.156s] Level 1:colcon.colcon_core.environment:checking '/home/orangepi/GM/nuc/GMaster_project/src/contact/install/contact/lib/pkgconfig/contact.pc'
[34.156s] Level 1:colcon.colcon_core.environment:checking '/home/orangepi/GM/nuc/GMaster_project/src/contact/install/contact/lib/python3.10/site-packages'
[34.157s] Level 1:colcon.colcon_core.environment:checking '/home/orangepi/GM/nuc/GMaster_project/src/contact/install/contact/bin'
[34.157s] INFO:colcon.colcon_core.shell:Creating package script '/home/orangepi/GM/nuc/GMaster_project/src/contact/install/contact/share/contact/package.ps1'
[34.158s] INFO:colcon.colcon_core.shell:Creating package descriptor '/home/orangepi/GM/nuc/GMaster_project/src/contact/install/contact/share/contact/package.dsv'
[34.160s] INFO:colcon.colcon_core.shell:Creating package script '/home/orangepi/GM/nuc/GMaster_project/src/contact/install/contact/share/contact/package.sh'
[34.161s] INFO:colcon.colcon_core.shell:Creating package script '/home/orangepi/GM/nuc/GMaster_project/src/contact/install/contact/share/contact/package.bash'
[34.162s] INFO:colcon.colcon_core.shell:Creating package script '/home/orangepi/GM/nuc/GMaster_project/src/contact/install/contact/share/contact/package.zsh'
[34.162s] Level 1:colcon.colcon_core.environment:create_file_with_runtime_dependencies(/home/orangepi/GM/nuc/GMaster_project/src/contact/install/contact/share/colcon-core/packages/contact)
[34.164s] DEBUG:colcon.colcon_parallel_executor.executor.parallel:closing loop
[34.165s] DEBUG:colcon.colcon_parallel_executor.executor.parallel:loop closed
[34.165s] DEBUG:colcon.colcon_parallel_executor.executor.parallel:run_until_complete finished with '0'
[34.165s] DEBUG:colcon.colcon_core.event_reactor:joining thread
[34.174s] INFO:colcon.colcon_core.plugin_system:Skipping extension 'colcon_notification.desktop_notification.terminal_notifier': Not used on non-Darwin systems
[34.175s] INFO:colcon.colcon_core.plugin_system:Skipping extension 'colcon_notification.desktop_notification.win32': Not used on non-Windows systems
[34.175s] INFO:colcon.colcon_notification.desktop_notification:Sending desktop notification using 'notify2'
[34.176s] DEBUG:colcon.colcon_notification.desktop_notification.notify2:Failed to initialize notify2: org.freedesktop.DBus.Error.NoReply: Did not receive a reply. Possible causes include: the remote application did not send a reply, the message bus security policy blocked the reply, the reply timeout expired, or the network connection was broken.
[34.176s] DEBUG:colcon.colcon_core.event_reactor:joined thread
[34.177s] INFO:colcon.colcon_core.shell:Creating prefix script '/home/orangepi/GM/nuc/GMaster_project/src/contact/install/local_setup.ps1'
[34.182s] INFO:colcon.colcon_core.shell:Creating prefix util module '/home/orangepi/GM/nuc/GMaster_project/src/contact/install/_local_setup_util_ps1.py'
[34.185s] INFO:colcon.colcon_core.shell:Creating prefix chain script '/home/orangepi/GM/nuc/GMaster_project/src/contact/install/setup.ps1'
[34.187s] INFO:colcon.colcon_core.shell:Creating prefix script '/home/orangepi/GM/nuc/GMaster_project/src/contact/install/local_setup.sh'
[34.188s] INFO:colcon.colcon_core.shell:Creating prefix util module '/home/orangepi/GM/nuc/GMaster_project/src/contact/install/_local_setup_util_sh.py'
[34.191s] INFO:colcon.colcon_core.shell:Creating prefix chain script '/home/orangepi/GM/nuc/GMaster_project/src/contact/install/setup.sh'
[34.194s] INFO:colcon.colcon_core.shell:Creating prefix script '/home/orangepi/GM/nuc/GMaster_project/src/contact/install/local_setup.bash'
[34.195s] INFO:colcon.colcon_core.shell:Creating prefix chain script '/home/orangepi/GM/nuc/GMaster_project/src/contact/install/setup.bash'
[34.197s] INFO:colcon.colcon_core.shell:Creating prefix script '/home/orangepi/GM/nuc/GMaster_project/src/contact/install/local_setup.zsh'
[34.198s] INFO:colcon.colcon_core.shell:Creating prefix chain script '/home/orangepi/GM/nuc/GMaster_project/src/contact/install/setup.zsh'
