[ 50%] Built target serial
[ 62%] [32mBuilding CXX object CMakeFiles/contact.dir/src/ContactNode.cpp.o[0m
[ 75%] [32mBuilding CXX object CMakeFiles/contact.dir/src/CommPort.cpp.o[0m
[01m[K/home/orangepi/GM/nuc/GMaster_project/src/contact/src/CommPort.cpp:[m[K In constructor ‘[01m[KCommPort::CommPort()[m[K’:
[01m[K/home/orangepi/GM/nuc/GMaster_project/src/contact/src/CommPort.cpp:4:18:[m[K [01;35m[Kwarning: [m[KISO C++ forbids converting a string constant to ‘[01m[Kchar*[m[K’ [[01;35m[K]8;;https://gcc.gnu.org/onlinedocs/gcc/Warning-Options.html#index-Wwrite-strings-Wwrite-strings]8;;[m[K]
    4 |   char *device = [01;35m[K"/dev/ttyACM0"[m[K;
      |                  [01;35m[K^~~~~~~~~~~~~~[m[K
In file included from [01m[K/opt/ros/humble/include/rclcpp/rclcpp/client.hpp:40[m[K,
                 from [01m[K/opt/ros/humble/include/rclcpp/rclcpp/callback_group.hpp:24[m[K,
                 from [01m[K/opt/ros/humble/include/rclcpp/rclcpp/any_executable.hpp:20[m[K,
                 from [01m[K/opt/ros/humble/include/rclcpp/rclcpp/memory_strategy.hpp:25[m[K,
                 from [01m[K/opt/ros/humble/include/rclcpp/rclcpp/memory_strategies.hpp:18[m[K,
                 from [01m[K/opt/ros/humble/include/rclcpp/rclcpp/executor_options.hpp:20[m[K,
                 from [01m[K/opt/ros/humble/include/rclcpp/rclcpp/executor.hpp:37[m[K,
                 from [01m[K/opt/ros/humble/include/rclcpp/rclcpp/executors/multi_threaded_executor.hpp:25[m[K,
                 from [01m[K/opt/ros/humble/include/rclcpp/rclcpp/executors.hpp:21[m[K,
                 from [01m[K/opt/ros/humble/include/rclcpp/rclcpp/rclcpp.hpp:155[m[K,
                 from [01m[K/home/orangepi/GM/nuc/GMaster_project/src/contact/src/ContactNode.cpp:8[m[K:
[01m[K/home/orangepi/GM/nuc/GMaster_project/src/contact/src/ContactNode.cpp:[m[K In member function ‘[01m[Kvoid ContactNode::rx_timer_callback()[m[K’:
[01m[K/home/orangepi/GM/nuc/GMaster_project/src/contact/src/ContactNode.cpp:153:5:[m[K [01;31m[Kerror: [m[Kexpected primary-expression before ‘[01m[K)[m[K’ token
  153 |     [01;31m[KRCLCPP_INFO[m[K()
      |     [01;31m[K^~~~~~~~~~~[m[K
[01m[K/home/orangepi/GM/nuc/GMaster_project/src/contact/src/ContactNode.cpp:153:5:[m[K [01;31m[Kerror: [m[Ktemplate argument 1 is invalid
  153 |     [01;31m[KRCLCPP_INFO[m[K()
      |     [01;31m[K^~~~~~~~~~~[m[K
[01m[K/home/orangepi/GM/nuc/GMaster_project/src/contact/src/ContactNode.cpp:153:5:[m[K [01;31m[Kerror: [m[Ktemplate argument 1 is invalid
  153 |     [01;31m[KRCLCPP_INFO[m[K()
      |     [01;31m[K^~~~~~~~~~~[m[K
[01m[K/home/orangepi/GM/nuc/GMaster_project/src/contact/src/ContactNode.cpp:153:5:[m[K [01;31m[Kerror: [m[Ktemplate argument 1 is invalid
  153 |     [01;31m[KRCLCPP_INFO[m[K()
      |     [01;31m[K^~~~~~~~~~~[m[K
In file included from [01m[K/opt/ros/humble/include/rclcpp/rclcpp/logging.hpp:24[m[K,
                 from [01m[K/opt/ros/humble/include/rclcpp/rclcpp/client.hpp:40[m[K,
                 from [01m[K/opt/ros/humble/include/rclcpp/rclcpp/callback_group.hpp:24[m[K,
                 from [01m[K/opt/ros/humble/include/rclcpp/rclcpp/any_executable.hpp:20[m[K,
                 from [01m[K/opt/ros/humble/include/rclcpp/rclcpp/memory_strategy.hpp:25[m[K,
                 from [01m[K/opt/ros/humble/include/rclcpp/rclcpp/memory_strategies.hpp:18[m[K,
                 from [01m[K/opt/ros/humble/include/rclcpp/rclcpp/executor_options.hpp:20[m[K,
                 from [01m[K/opt/ros/humble/include/rclcpp/rclcpp/executor.hpp:37[m[K,
                 from [01m[K/opt/ros/humble/include/rclcpp/rclcpp/executors/multi_threaded_executor.hpp:25[m[K,
                 from [01m[K/opt/ros/humble/include/rclcpp/rclcpp/executors.hpp:21[m[K,
                 from [01m[K/opt/ros/humble/include/rclcpp/rclcpp/rclcpp.hpp:155[m[K,
                 from [01m[K/home/orangepi/GM/nuc/GMaster_project/src/contact/src/ContactNode.cpp:8[m[K:
[01m[K/home/orangepi/GM/nuc/GMaster_project/src/contact/src/ContactNode.cpp:153:5:[m[K [01;31m[Kerror: [m[Kexpected primary-expression before ‘[01m[K)[m[K’ token
  153 |     [01;31m[KRCLCPP_INFO[m[K()
      |     [01;31m[K^~~~~~~~~~~[m[K
[01m[K/home/orangepi/GM/nuc/GMaster_project/src/contact/src/ContactNode.cpp:153:5:[m[K [01;31m[Kerror: [m[Kexpected primary-expression before ‘[01m[K)[m[K’ token
  153 |     [01;31m[KRCLCPP_INFO[m[K()
      |     [01;31m[K^~~~~~~~~~~[m[K
[01m[K/home/orangepi/GM/nuc/GMaster_project/src/contact/src/ContactNode.cpp:153:5:[m[K [01;31m[Kerror: [m[Kexpected primary-expression before ‘[01m[K)[m[K’ token
  153 |     [01;31m[KRCLCPP_INFO[m[K()
      |     [01;31m[K^~~~~~~~~~~[m[K
[01m[K/home/orangepi/GM/nuc/GMaster_project/src/contact/src/ContactNode.cpp:156:5:[m[K [01;31m[Kerror: [m[Kexpected ‘[01m[K;[m[K’ before ‘[01m[Kauto[m[K’
  156 |     [01;31m[Kauto[m[K mode_msg = std_msgs::msg::Int32();
      |     [01;31m[K^~~~[m[K
gmake[2]: *** [CMakeFiles/contact.dir/build.make:76: CMakeFiles/contact.dir/src/ContactNode.cpp.o] Error 1
gmake[1]: *** [CMakeFiles/Makefile2:154: CMakeFiles/contact.dir/all] Error 2
gmake: *** [Makefile:146: all] Error 2
