[0.020s] Invoking command in '/home/orangepi/GM/nuc/GMaster_project/src/contact/build/contact': CMAKE_PREFIX_PATH=${CMAKE_PREFIX_PATH}:/opt/ros/humble /usr/bin/cmake --build /home/orangepi/GM/nuc/GMaster_project/src/contact/build/contact -- -j8 -l8
[0.171s] [ 50%] Built target serial
[0.219s] [35m[1mConsolidate compiler generated dependencies of target contact[0m
[0.275s] [ 62%] [32mBuilding CXX object CMakeFiles/contact.dir/src/ContactNode.cpp.o[0m
[0.276s] [ 75%] [32mBuilding CXX object CMakeFiles/contact.dir/src/CommPort.cpp.o[0m
[1.410s] [01m[K/home/orangepi/GM/nuc/GMaster_project/src/contact/src/CommPort.cpp:[m[K In constructor ‘[01m[KCommPort::CommPort()[m[K’:
[1.411s] [01m[K/home/orangepi/GM/nuc/GMaster_project/src/contact/src/CommPort.cpp:4:18:[m[K [01;35m[Kwarning: [m[KISO C++ forbids converting a string constant to ‘[01m[Kchar*[m[K’ [[01;35m[K]8;;https://gcc.gnu.org/onlinedocs/gcc/Warning-Options.html#index-Wwrite-strings-Wwrite-strings]8;;[m[K]
[1.411s]     4 |   char *device = [01;35m[K"/dev/ttyACM0"[m[K;
[1.412s]       |                  [01;35m[K^~~~~~~~~~~~~~[m[K
[34.019s] [ 87%] [32m[1mLinking CXX executable contact[0m
[36.221s] [100%] Built target contact
[36.255s] Invoked command in '/home/orangepi/GM/nuc/GMaster_project/src/contact/build/contact' returned '0': CMAKE_PREFIX_PATH=${CMAKE_PREFIX_PATH}:/opt/ros/humble /usr/bin/cmake --build /home/orangepi/GM/nuc/GMaster_project/src/contact/build/contact -- -j8 -l8
[36.275s] Invoking command in '/home/orangepi/GM/nuc/GMaster_project/src/contact/build/contact': CMAKE_PREFIX_PATH=${CMAKE_PREFIX_PATH}:/opt/ros/humble /usr/bin/cmake --install /home/orangepi/GM/nuc/GMaster_project/src/contact/build/contact
[36.304s] -- Install configuration: ""
[36.304s] -- Installing: /home/orangepi/GM/nuc/GMaster_project/src/contact/install/contact/lib/contact/contact
[36.321s] -- Set runtime path of "/home/orangepi/GM/nuc/GMaster_project/src/contact/install/contact/lib/contact/contact" to ""
[36.321s] -- Up-to-date: /home/orangepi/GM/nuc/GMaster_project/src/contact/install/contact/share/ament_index/resource_index/package_run_dependencies/contact
[36.321s] -- Up-to-date: /home/orangepi/GM/nuc/GMaster_project/src/contact/install/contact/share/ament_index/resource_index/parent_prefix_path/contact
[36.321s] -- Up-to-date: /home/orangepi/GM/nuc/GMaster_project/src/contact/install/contact/share/contact/environment/ament_prefix_path.sh
[36.321s] -- Up-to-date: /home/orangepi/GM/nuc/GMaster_project/src/contact/install/contact/share/contact/environment/ament_prefix_path.dsv
[36.322s] -- Up-to-date: /home/orangepi/GM/nuc/GMaster_project/src/contact/install/contact/share/contact/environment/path.sh
[36.322s] -- Up-to-date: /home/orangepi/GM/nuc/GMaster_project/src/contact/install/contact/share/contact/environment/path.dsv
[36.322s] -- Up-to-date: /home/orangepi/GM/nuc/GMaster_project/src/contact/install/contact/share/contact/local_setup.bash
[36.322s] -- Up-to-date: /home/orangepi/GM/nuc/GMaster_project/src/contact/install/contact/share/contact/local_setup.sh
[36.322s] -- Up-to-date: /home/orangepi/GM/nuc/GMaster_project/src/contact/install/contact/share/contact/local_setup.zsh
[36.322s] -- Up-to-date: /home/orangepi/GM/nuc/GMaster_project/src/contact/install/contact/share/contact/local_setup.dsv
[36.323s] -- Installing: /home/orangepi/GM/nuc/GMaster_project/src/contact/install/contact/share/contact/package.dsv
[36.323s] -- Up-to-date: /home/orangepi/GM/nuc/GMaster_project/src/contact/install/contact/share/ament_index/resource_index/packages/contact
[36.323s] -- Up-to-date: /home/orangepi/GM/nuc/GMaster_project/src/contact/install/contact/share/contact/cmake/contactConfig.cmake
[36.323s] -- Up-to-date: /home/orangepi/GM/nuc/GMaster_project/src/contact/install/contact/share/contact/cmake/contactConfig-version.cmake
[36.323s] -- Up-to-date: /home/orangepi/GM/nuc/GMaster_project/src/contact/install/contact/share/contact/package.xml
[36.325s] Invoked command in '/home/orangepi/GM/nuc/GMaster_project/src/contact/build/contact' returned '0': CMAKE_PREFIX_PATH=${CMAKE_PREFIX_PATH}:/opt/ros/humble /usr/bin/cmake --install /home/orangepi/GM/nuc/GMaster_project/src/contact/build/contact
