[0.130s] DEBUG:colcon:Command line arguments: ['/usr/bin/colcon', 'build']
[0.130s] DEBUG:colcon:Parsed command line arguments: Namespace(log_base=None, log_level=None, verb_name='build', build_base='build', install_base='install', merge_install=False, symlink_install=False, test_result_base=None, continue_on_error=False, executor='parallel', parallel_workers=8, event_handlers=None, ignore_user_meta=False, metas=['./colcon.meta'], base_paths=['.'], packages_ignore=None, packages_ignore_regex=None, paths=None, packages_up_to=None, packages_up_to_regex=None, packages_above=None, packages_above_and_dependencies=None, packages_above_depth=None, packages_select_by_dep=None, packages_skip_by_dep=None, packages_skip_up_to=None, packages_select_build_failed=False, packages_skip_build_finished=False, packages_select_test_failures=False, packages_skip_test_passed=False, packages_select=None, packages_skip=None, packages_select_regex=None, packages_skip_regex=None, packages_start=None, packages_end=None, cmake_args=None, cmake_target=None, cmake_target_skip_unavailable=False, cmake_clean_cache=False, cmake_clean_first=False, cmake_force_configure=False, ament_cmake_args=None, catkin_cmake_args=None, catkin_skip_building_tests=False, verb_parser=<colcon_defaults.argument_parser.defaults.DefaultArgumentsDecorator object at 0x7fabd0fc10>, verb_extension=<colcon_core.verb.build.BuildVerb object at 0x7fabd0f280>, main=<bound method BuildVerb.main of <colcon_core.verb.build.BuildVerb object at 0x7fabd0f280>>)
[0.311s] Level 1:colcon.colcon_core.package_discovery:discover_packages(colcon_meta) check parameters
[0.311s] Level 1:colcon.colcon_core.package_discovery:discover_packages(recursive) check parameters
[0.311s] Level 1:colcon.colcon_core.package_discovery:discover_packages(ignore) check parameters
[0.311s] Level 1:colcon.colcon_core.package_discovery:discover_packages(path) check parameters
[0.311s] Level 1:colcon.colcon_core.package_discovery:discover_packages(colcon_meta) discover
[0.311s] Level 1:colcon.colcon_core.package_discovery:discover_packages(recursive) discover
[0.311s] INFO:colcon.colcon_core.package_discovery:Crawling recursively for packages in '/home/orangepi/GM/nuc/GMaster_project/src/contact'
[0.312s] Level 1:colcon.colcon_core.package_identification:_identify(.) by extensions ['ignore', 'ignore_ament_install']
[0.312s] Level 1:colcon.colcon_core.package_identification:_identify(.) by extension 'ignore'
[0.312s] Level 1:colcon.colcon_core.package_identification:_identify(.) by extension 'ignore_ament_install'
[0.312s] Level 1:colcon.colcon_core.package_identification:_identify(.) by extensions ['colcon_pkg']
[0.312s] Level 1:colcon.colcon_core.package_identification:_identify(.) by extension 'colcon_pkg'
[0.312s] Level 1:colcon.colcon_core.package_identification:_identify(.) by extensions ['colcon_meta']
[0.312s] Level 1:colcon.colcon_core.package_identification:_identify(.) by extension 'colcon_meta'
[0.312s] Level 1:colcon.colcon_core.package_identification:_identify(.) by extensions ['ros']
[0.312s] Level 1:colcon.colcon_core.package_identification:_identify(.) by extension 'ros'
[0.332s] DEBUG:colcon.colcon_core.package_identification:Package '.' with type 'ros.ament_cmake' and name 'contact'
[0.332s] Level 1:colcon.colcon_core.package_discovery:discover_packages(recursive) using defaults
[0.332s] Level 1:colcon.colcon_core.package_discovery:discover_packages(ignore) discover
[0.332s] Level 1:colcon.colcon_core.package_discovery:discover_packages(ignore) using defaults
[0.332s] Level 1:colcon.colcon_core.package_discovery:discover_packages(path) discover
[0.332s] Level 1:colcon.colcon_core.package_discovery:discover_packages(path) using defaults
[0.357s] Level 5:colcon.colcon_core.verb:set package 'contact' build argument 'cmake_args' from command line to 'None'
[0.357s] Level 5:colcon.colcon_core.verb:set package 'contact' build argument 'cmake_target' from command line to 'None'
[0.357s] Level 5:colcon.colcon_core.verb:set package 'contact' build argument 'cmake_target_skip_unavailable' from command line to 'False'
[0.357s] Level 5:colcon.colcon_core.verb:set package 'contact' build argument 'cmake_clean_cache' from command line to 'False'
[0.357s] Level 5:colcon.colcon_core.verb:set package 'contact' build argument 'cmake_clean_first' from command line to 'False'
[0.357s] Level 5:colcon.colcon_core.verb:set package 'contact' build argument 'cmake_force_configure' from command line to 'False'
[0.357s] Level 5:colcon.colcon_core.verb:set package 'contact' build argument 'ament_cmake_args' from command line to 'None'
[0.357s] Level 5:colcon.colcon_core.verb:set package 'contact' build argument 'catkin_cmake_args' from command line to 'None'
[0.357s] Level 5:colcon.colcon_core.verb:set package 'contact' build argument 'catkin_skip_building_tests' from command line to 'False'
[0.357s] DEBUG:colcon.colcon_core.verb:Building package 'contact' with the following arguments: {'ament_cmake_args': None, 'build_base': '/home/orangepi/GM/nuc/GMaster_project/src/contact/build/contact', 'catkin_cmake_args': None, 'catkin_skip_building_tests': False, 'cmake_args': None, 'cmake_clean_cache': False, 'cmake_clean_first': False, 'cmake_force_configure': False, 'cmake_target': None, 'cmake_target_skip_unavailable': False, 'install_base': '/home/orangepi/GM/nuc/GMaster_project/src/contact/install/contact', 'merge_install': False, 'path': '/home/orangepi/GM/nuc/GMaster_project/src/contact', 'symlink_install': False, 'test_result_base': None}
[0.357s] INFO:colcon.colcon_core.executor:Executing jobs using 'parallel' executor
[0.359s] DEBUG:colcon.colcon_parallel_executor.executor.parallel:run_until_complete
[0.359s] INFO:colcon.colcon_ros.task.ament_cmake.build:Building ROS package in '/home/orangepi/GM/nuc/GMaster_project/src/contact' with build type 'ament_cmake'
[0.360s] INFO:colcon.colcon_cmake.task.cmake.build:Building CMake package in '/home/orangepi/GM/nuc/GMaster_project/src/contact'
[0.363s] INFO:colcon.colcon_core.plugin_system:Skipping extension 'colcon_core.shell.bat': Not used on non-Windows systems
[0.363s] INFO:colcon.colcon_core.shell:Skip shell extension 'powershell' for command environment: Not usable outside of PowerShell
[0.363s] DEBUG:colcon.colcon_core.shell:Skip shell extension 'dsv' for command environment
[0.380s] DEBUG:colcon.colcon_core.event_handler.log_command:Invoking command in '/home/orangepi/GM/nuc/GMaster_project/src/contact/build/contact': CMAKE_PREFIX_PATH=${CMAKE_PREFIX_PATH}:/opt/ros/humble /usr/bin/cmake --build /home/orangepi/GM/nuc/GMaster_project/src/contact/build/contact -- -j8 -l8
[30.524s] DEBUG:colcon.colcon_core.event_handler.log_command:Invoked command in '/home/orangepi/GM/nuc/GMaster_project/src/contact/build/contact' returned '0': CMAKE_PREFIX_PATH=${CMAKE_PREFIX_PATH}:/opt/ros/humble /usr/bin/cmake --build /home/orangepi/GM/nuc/GMaster_project/src/contact/build/contact -- -j8 -l8
[30.546s] DEBUG:colcon.colcon_core.event_handler.log_command:Invoking command in '/home/orangepi/GM/nuc/GMaster_project/src/contact/build/contact': CMAKE_PREFIX_PATH=${CMAKE_PREFIX_PATH}:/opt/ros/humble /usr/bin/cmake --install /home/orangepi/GM/nuc/GMaster_project/src/contact/build/contact
[30.585s] Level 1:colcon.colcon_core.environment:create_environment_scripts_only(contact)
[30.586s] DEBUG:colcon.colcon_core.event_handler.log_command:Invoked command in '/home/orangepi/GM/nuc/GMaster_project/src/contact/build/contact' returned '0': CMAKE_PREFIX_PATH=${CMAKE_PREFIX_PATH}:/opt/ros/humble /usr/bin/cmake --install /home/orangepi/GM/nuc/GMaster_project/src/contact/build/contact
[30.594s] Level 1:colcon.colcon_core.environment:checking '/home/orangepi/GM/nuc/GMaster_project/src/contact/install/contact' for CMake module files
[30.596s] Level 1:colcon.colcon_core.environment:checking '/home/orangepi/GM/nuc/GMaster_project/src/contact/install/contact' for CMake config files
[30.598s] Level 1:colcon.colcon_core.shell:create_environment_hook('contact', 'cmake_prefix_path')
[30.599s] INFO:colcon.colcon_core.shell:Creating environment hook '/home/orangepi/GM/nuc/GMaster_project/src/contact/install/contact/share/contact/hook/cmake_prefix_path.ps1'
[30.601s] INFO:colcon.colcon_core.shell:Creating environment descriptor '/home/orangepi/GM/nuc/GMaster_project/src/contact/install/contact/share/contact/hook/cmake_prefix_path.dsv'
[30.603s] INFO:colcon.colcon_core.shell:Creating environment hook '/home/orangepi/GM/nuc/GMaster_project/src/contact/install/contact/share/contact/hook/cmake_prefix_path.sh'
[30.607s] Level 1:colcon.colcon_core.environment:checking '/home/orangepi/GM/nuc/GMaster_project/src/contact/install/contact/lib'
[30.607s] Level 1:colcon.colcon_core.environment:checking '/home/orangepi/GM/nuc/GMaster_project/src/contact/install/contact/bin'
[30.608s] Level 1:colcon.colcon_core.environment:checking '/home/orangepi/GM/nuc/GMaster_project/src/contact/install/contact/lib/pkgconfig/contact.pc'
[30.614s] Level 1:colcon.colcon_core.environment:checking '/home/orangepi/GM/nuc/GMaster_project/src/contact/install/contact/lib/python3.10/site-packages'
[30.615s] Level 1:colcon.colcon_core.environment:checking '/home/orangepi/GM/nuc/GMaster_project/src/contact/install/contact/bin'
[30.617s] INFO:colcon.colcon_core.shell:Creating package script '/home/orangepi/GM/nuc/GMaster_project/src/contact/install/contact/share/contact/package.ps1'
[30.621s] INFO:colcon.colcon_core.shell:Creating package descriptor '/home/orangepi/GM/nuc/GMaster_project/src/contact/install/contact/share/contact/package.dsv'
[30.623s] INFO:colcon.colcon_core.shell:Creating package script '/home/orangepi/GM/nuc/GMaster_project/src/contact/install/contact/share/contact/package.sh'
[30.626s] INFO:colcon.colcon_core.shell:Creating package script '/home/orangepi/GM/nuc/GMaster_project/src/contact/install/contact/share/contact/package.bash'
[30.629s] INFO:colcon.colcon_core.shell:Creating package script '/home/orangepi/GM/nuc/GMaster_project/src/contact/install/contact/share/contact/package.zsh'
[30.632s] Level 1:colcon.colcon_core.environment:create_file_with_runtime_dependencies(/home/orangepi/GM/nuc/GMaster_project/src/contact/install/contact/share/colcon-core/packages/contact)
[30.635s] Level 1:colcon.colcon_core.environment:create_environment_scripts_only(contact)
[30.637s] Level 1:colcon.colcon_core.environment:checking '/home/orangepi/GM/nuc/GMaster_project/src/contact/install/contact' for CMake module files
[30.639s] Level 1:colcon.colcon_core.environment:checking '/home/orangepi/GM/nuc/GMaster_project/src/contact/install/contact' for CMake config files
[30.641s] Level 1:colcon.colcon_core.shell:create_environment_hook('contact', 'cmake_prefix_path')
[30.642s] INFO:colcon.colcon_core.shell:Creating environment hook '/home/orangepi/GM/nuc/GMaster_project/src/contact/install/contact/share/contact/hook/cmake_prefix_path.ps1'
[30.644s] INFO:colcon.colcon_core.shell:Creating environment descriptor '/home/orangepi/GM/nuc/GMaster_project/src/contact/install/contact/share/contact/hook/cmake_prefix_path.dsv'
[30.645s] INFO:colcon.colcon_core.shell:Creating environment hook '/home/orangepi/GM/nuc/GMaster_project/src/contact/install/contact/share/contact/hook/cmake_prefix_path.sh'
[30.648s] Level 1:colcon.colcon_core.environment:checking '/home/orangepi/GM/nuc/GMaster_project/src/contact/install/contact/lib'
[30.648s] Level 1:colcon.colcon_core.environment:checking '/home/orangepi/GM/nuc/GMaster_project/src/contact/install/contact/bin'
[30.648s] Level 1:colcon.colcon_core.environment:checking '/home/orangepi/GM/nuc/GMaster_project/src/contact/install/contact/lib/pkgconfig/contact.pc'
[30.649s] Level 1:colcon.colcon_core.environment:checking '/home/orangepi/GM/nuc/GMaster_project/src/contact/install/contact/lib/python3.10/site-packages'
[30.650s] Level 1:colcon.colcon_core.environment:checking '/home/orangepi/GM/nuc/GMaster_project/src/contact/install/contact/bin'
[30.651s] INFO:colcon.colcon_core.shell:Creating package script '/home/orangepi/GM/nuc/GMaster_project/src/contact/install/contact/share/contact/package.ps1'
[30.653s] INFO:colcon.colcon_core.shell:Creating package descriptor '/home/orangepi/GM/nuc/GMaster_project/src/contact/install/contact/share/contact/package.dsv'
[30.654s] INFO:colcon.colcon_core.shell:Creating package script '/home/orangepi/GM/nuc/GMaster_project/src/contact/install/contact/share/contact/package.sh'
[30.655s] INFO:colcon.colcon_core.shell:Creating package script '/home/orangepi/GM/nuc/GMaster_project/src/contact/install/contact/share/contact/package.bash'
[30.656s] INFO:colcon.colcon_core.shell:Creating package script '/home/orangepi/GM/nuc/GMaster_project/src/contact/install/contact/share/contact/package.zsh'
[30.658s] Level 1:colcon.colcon_core.environment:create_file_with_runtime_dependencies(/home/orangepi/GM/nuc/GMaster_project/src/contact/install/contact/share/colcon-core/packages/contact)
[30.659s] DEBUG:colcon.colcon_parallel_executor.executor.parallel:closing loop
[30.661s] DEBUG:colcon.colcon_parallel_executor.executor.parallel:loop closed
[30.661s] DEBUG:colcon.colcon_parallel_executor.executor.parallel:run_until_complete finished with '0'
[30.661s] DEBUG:colcon.colcon_core.event_reactor:joining thread
[30.688s] INFO:colcon.colcon_core.plugin_system:Skipping extension 'colcon_notification.desktop_notification.terminal_notifier': Not used on non-Darwin systems
[30.689s] INFO:colcon.colcon_core.plugin_system:Skipping extension 'colcon_notification.desktop_notification.win32': Not used on non-Windows systems
[30.689s] INFO:colcon.colcon_notification.desktop_notification:Sending desktop notification using 'notify2'
[30.780s] DEBUG:colcon.colcon_core.event_reactor:joined thread
[30.782s] INFO:colcon.colcon_core.shell:Creating prefix script '/home/orangepi/GM/nuc/GMaster_project/src/contact/install/local_setup.ps1'
[30.786s] INFO:colcon.colcon_core.shell:Creating prefix util module '/home/orangepi/GM/nuc/GMaster_project/src/contact/install/_local_setup_util_ps1.py'
[30.793s] INFO:colcon.colcon_core.shell:Creating prefix chain script '/home/orangepi/GM/nuc/GMaster_project/src/contact/install/setup.ps1'
[30.795s] INFO:colcon.colcon_core.shell:Creating prefix script '/home/orangepi/GM/nuc/GMaster_project/src/contact/install/local_setup.sh'
[30.796s] INFO:colcon.colcon_core.shell:Creating prefix util module '/home/orangepi/GM/nuc/GMaster_project/src/contact/install/_local_setup_util_sh.py'
[30.797s] INFO:colcon.colcon_core.shell:Creating prefix chain script '/home/orangepi/GM/nuc/GMaster_project/src/contact/install/setup.sh'
[30.799s] INFO:colcon.colcon_core.shell:Creating prefix script '/home/orangepi/GM/nuc/GMaster_project/src/contact/install/local_setup.bash'
[30.800s] INFO:colcon.colcon_core.shell:Creating prefix chain script '/home/orangepi/GM/nuc/GMaster_project/src/contact/install/setup.bash'
[30.802s] INFO:colcon.colcon_core.shell:Creating prefix script '/home/orangepi/GM/nuc/GMaster_project/src/contact/install/local_setup.zsh'
[30.803s] INFO:colcon.colcon_core.shell:Creating prefix chain script '/home/orangepi/GM/nuc/GMaster_project/src/contact/install/setup.zsh'
