-- The C compiler identification is GNU 11.4.0
-- The CXX compiler identification is GNU 11.4.0
-- Detecting C compiler ABI info
-- Detecting C compiler ABI info - done
-- Check for working C compiler: /usr/bin/cc - skipped
-- Detecting C compile features
-- Detecting C compile features - done
-- Detecting CXX compiler ABI info
-- Detecting CXX compiler ABI info - done
-- Check for working CXX compiler: /usr/bin/c++ - skipped
-- Detecting CXX compile features
-- Detecting CXX compile features - done
-- Found ament_cmake: 1.3.10 (/opt/ros/humble/share/ament_cmake/cmake)
-- Found Python3: /usr/bin/python3 (found version "3.10.12") found components: Interpreter 
-- Found rclcpp: 16.0.10 (/opt/ros/humble/share/rclcpp/cmake)
-- Found rosidl_generator_c: 3.1.5 (/opt/ros/humble/share/rosidl_generator_c/cmake)
-- Found rosidl_adapter: 3.1.5 (/opt/ros/humble/share/rosidl_adapter/cmake)
-- Found rosidl_generator_cpp: 3.1.5 (/opt/ros/humble/share/rosidl_generator_cpp/cmake)
-- Using all available rosidl_typesupport_c: rosidl_typesupport_fastrtps_c;rosidl_typesupport_introspection_c
-- Using all available rosidl_typesupport_cpp: rosidl_typesupport_fastrtps_cpp;rosidl_typesupport_introspection_cpp
-- Found rmw_implementation_cmake: 6.1.2 (/opt/ros/humble/share/rmw_implementation_cmake/cmake)
-- Found rmw_fastrtps_cpp: 6.2.7 (/opt/ros/humble/share/rmw_fastrtps_cpp/cmake)
-- Found OpenSSL: /usr/lib/aarch64-linux-gnu/libcrypto.so (found version "3.0.2")  
-- Found FastRTPS: /opt/ros/humble/include  
-- Using RMW implementation 'rmw_fastrtps_cpp' as default
-- Looking for pthread.h
-- Looking for pthread.h - found
-- Performing Test CMAKE_HAVE_LIBC_PTHREAD
-- Performing Test CMAKE_HAVE_LIBC_PTHREAD - Success
-- Found Threads: TRUE  
-- Found nav_msgs: 4.2.4 (/opt/ros/humble/share/nav_msgs/cmake)
-- Found sensor_msgs: 4.2.4 (/opt/ros/humble/share/sensor_msgs/cmake)
-- Found sentry_msgs: 0.0.1 (/home/orangepi/GM/nuc/GMaster_project/src/sentry_msgs/install/sentry_msgs/share/sentry_msgs/cmake)
-- Configuring done
-- Generating done
-- Build files have been written to: /home/orangepi/GM/nuc/GMaster_project/src/contact/build/contact
[ 12%] [32mBuilding CXX object serial/lib/CMakeFiles/serial.dir/src/serial.cc.o[0m
[ 25%] [32mBuilding CXX object serial/lib/CMakeFiles/serial.dir/src/impl/list_ports/list_ports_linux.cc.o[0m
[ 37%] [32mBuilding CXX object serial/lib/CMakeFiles/serial.dir/src/impl/unix.cc.o[0m
[ 50%] [32m[1mLinking CXX static library libserial.a[0m
[ 50%] Built target serial
[ 62%] [32mBuilding CXX object CMakeFiles/contact.dir/src/ContactNode.cpp.o[0m
[ 75%] [32mBuilding CXX object CMakeFiles/contact.dir/src/CommPort.cpp.o[0m
[ 87%] [32mBuilding CXX object CMakeFiles/contact.dir/src/Checksum.cpp.o[0m
[100%] [32m[1mLinking CXX executable contact[0m
[100%] Built target contact
-- Install configuration: ""
-- Installing: /home/orangepi/GM/nuc/GMaster_project/src/contact/install/contact/lib/contact/contact
-- Set runtime path of "/home/orangepi/GM/nuc/GMaster_project/src/contact/install/contact/lib/contact/contact" to ""
-- Installing: /home/orangepi/GM/nuc/GMaster_project/src/contact/install/contact/share/ament_index/resource_index/package_run_dependencies/contact
-- Installing: /home/orangepi/GM/nuc/GMaster_project/src/contact/install/contact/share/ament_index/resource_index/parent_prefix_path/contact
-- Installing: /home/orangepi/GM/nuc/GMaster_project/src/contact/install/contact/share/contact/environment/ament_prefix_path.sh
-- Installing: /home/orangepi/GM/nuc/GMaster_project/src/contact/install/contact/share/contact/environment/ament_prefix_path.dsv
-- Installing: /home/orangepi/GM/nuc/GMaster_project/src/contact/install/contact/share/contact/environment/path.sh
-- Installing: /home/orangepi/GM/nuc/GMaster_project/src/contact/install/contact/share/contact/environment/path.dsv
-- Installing: /home/orangepi/GM/nuc/GMaster_project/src/contact/install/contact/share/contact/local_setup.bash
-- Installing: /home/orangepi/GM/nuc/GMaster_project/src/contact/install/contact/share/contact/local_setup.sh
-- Installing: /home/orangepi/GM/nuc/GMaster_project/src/contact/install/contact/share/contact/local_setup.zsh
-- Installing: /home/orangepi/GM/nuc/GMaster_project/src/contact/install/contact/share/contact/local_setup.dsv
-- Installing: /home/orangepi/GM/nuc/GMaster_project/src/contact/install/contact/share/contact/package.dsv
-- Installing: /home/orangepi/GM/nuc/GMaster_project/src/contact/install/contact/share/ament_index/resource_index/packages/contact
-- Installing: /home/orangepi/GM/nuc/GMaster_project/src/contact/install/contact/share/contact/cmake/contactConfig.cmake
-- Installing: /home/orangepi/GM/nuc/GMaster_project/src/contact/install/contact/share/contact/cmake/contactConfig-version.cmake
-- Installing: /home/orangepi/GM/nuc/GMaster_project/src/contact/install/contact/share/contact/package.xml
