[0.038s] Invoking command in '/home/orangepi/GM/nuc/GMaster_project/src/contact/build/contact': CMAKE_PREFIX_PATH=${CMAKE_PREFIX_PATH}:/opt/ros/humble /usr/bin/cmake --build /home/orangepi/GM/nuc/GMaster_project/src/contact/build/contact -- -j8 -l8
[0.208s] [ 50%] Built target serial
[0.263s] [35m[1mConsolidate compiler generated dependencies of target contact[0m
[0.328s] [ 62%] [32mBuilding CXX object CMakeFiles/contact.dir/src/ContactNode.cpp.o[0m
[1.546s] In file included from [01m[K/home/orangepi/GM/nuc/GMaster_project/src/contact/src/ContactNode.cpp:1[m[K:
[1.547s] [01m[K/home/orangepi/GM/nuc/GMaster_project/src/contact/include/CommPort.h:33:3:[m[K [01;35m[Kwarning: [m[K‘[01m[Ktypedef[m[K’ was ignored in this declaration
[1.547s]    33 |   [01;35m[Ktypedef[m[K struct ProjectileRx {
[1.547s]       |   [01;35m[K^~~~~~~[m[K
[5.271s] [01m[K/home/orangepi/GM/nuc/GMaster_project/src/contact/src/ContactNode.cpp:[m[K In member function ‘[01m[Kvoid ContactNode::rx_timer_callback()[m[K’:
[5.271s] [01m[K/home/orangepi/GM/nuc/GMaster_project/src/contact/src/ContactNode.cpp:136:37:[m[K [01;35m[Kwarning: [m[Ktaking address of packed member of ‘[01m[KCommPort::ProjectileRx[m[K’ may result in an unaligned pointer value [[01;35m[K]8;;https://gcc.gnu.org/onlinedocs/gcc/Warning-Options.html#index-Waddress-of-packed-member-Waddress-of-packed-member]8;;[m[K]
[5.271s]   136 |     auto enemy_hp = [01;35m[Kcomm.rx_struct_.enemy_hp[m[K;
[5.271s]       |                     [01;35m[K~~~~~~~~~~~~~~~~^~~~~~~~[m[K
[5.278s] [01m[K/home/orangepi/GM/nuc/GMaster_project/src/contact/src/ContactNode.cpp:130:14:[m[K [01;35m[Kwarning: [m[Kunused variable ‘[01m[Ktimestamp[m[K’ [[01;35m[K]8;;https://gcc.gnu.org/onlinedocs/gcc/Warning-Options.html#index-Wunused-variable-Wunused-variable]8;;[m[K]
[5.278s]   130 |     uint32_t [01;35m[Ktimestamp[m[K = comm.rx_struct_.timestamp;
[5.278s]       |              [01;35m[K^~~~~~~~~[m[K
[27.994s] [ 75%] [32m[1mLinking CXX executable contact[0m
[29.983s] [100%] Built target contact
[30.013s] Invoked command in '/home/orangepi/GM/nuc/GMaster_project/src/contact/build/contact' returned '0': CMAKE_PREFIX_PATH=${CMAKE_PREFIX_PATH}:/opt/ros/humble /usr/bin/cmake --build /home/orangepi/GM/nuc/GMaster_project/src/contact/build/contact -- -j8 -l8
[30.052s] Invoking command in '/home/orangepi/GM/nuc/GMaster_project/src/contact/build/contact': CMAKE_PREFIX_PATH=${CMAKE_PREFIX_PATH}:/opt/ros/humble /usr/bin/cmake --install /home/orangepi/GM/nuc/GMaster_project/src/contact/build/contact
[30.074s] -- Install configuration: ""
[30.074s] -- Installing: /home/orangepi/GM/nuc/GMaster_project/src/contact/install/contact/lib/contact/contact
[30.092s] -- Set runtime path of "/home/orangepi/GM/nuc/GMaster_project/src/contact/install/contact/lib/contact/contact" to ""
[30.093s] -- Up-to-date: /home/orangepi/GM/nuc/GMaster_project/src/contact/install/contact/share/ament_index/resource_index/package_run_dependencies/contact
[30.093s] -- Up-to-date: /home/orangepi/GM/nuc/GMaster_project/src/contact/install/contact/share/ament_index/resource_index/parent_prefix_path/contact
[30.093s] -- Up-to-date: /home/orangepi/GM/nuc/GMaster_project/src/contact/install/contact/share/contact/environment/ament_prefix_path.sh
[30.094s] -- Up-to-date: /home/orangepi/GM/nuc/GMaster_project/src/contact/install/contact/share/contact/environment/ament_prefix_path.dsv
[30.094s] -- Up-to-date: /home/orangepi/GM/nuc/GMaster_project/src/contact/install/contact/share/contact/environment/path.sh
[30.094s] -- Up-to-date: /home/orangepi/GM/nuc/GMaster_project/src/contact/install/contact/share/contact/environment/path.dsv
[30.095s] -- Up-to-date: /home/orangepi/GM/nuc/GMaster_project/src/contact/install/contact/share/contact/local_setup.bash
[30.095s] -- Up-to-date: /home/orangepi/GM/nuc/GMaster_project/src/contact/install/contact/share/contact/local_setup.sh
[30.099s] -- Up-to-date: /home/orangepi/GM/nuc/GMaster_project/src/contact/install/contact/share/contact/local_setup.zsh
[30.100s] -- Up-to-date: /home/orangepi/GM/nuc/GMaster_project/src/contact/install/contact/share/contact/local_setup.dsv
[30.100s] -- Installing: /home/orangepi/GM/nuc/GMaster_project/src/contact/install/contact/share/contact/package.dsv
[30.101s] -- Up-to-date: /home/orangepi/GM/nuc/GMaster_project/src/contact/install/contact/share/ament_index/resource_index/packages/contact
[30.101s] -- Up-to-date: /home/orangepi/GM/nuc/GMaster_project/src/contact/install/contact/share/contact/cmake/contactConfig.cmake
[30.102s] -- Up-to-date: /home/orangepi/GM/nuc/GMaster_project/src/contact/install/contact/share/contact/cmake/contactConfig-version.cmake
[30.103s] -- Up-to-date: /home/orangepi/GM/nuc/GMaster_project/src/contact/install/contact/share/contact/package.xml
[30.104s] Invoked command in '/home/orangepi/GM/nuc/GMaster_project/src/contact/build/contact' returned '0': CMAKE_PREFIX_PATH=${CMAKE_PREFIX_PATH}:/opt/ros/humble /usr/bin/cmake --install /home/orangepi/GM/nuc/GMaster_project/src/contact/build/contact
