[0.020s] Invoking command in '/home/orangepi/GM/nuc/GMaster_project/src/contact/build/contact': CMAKE_PREFIX_PATH=${CMAKE_PREFIX_PATH}:/opt/ros/humble /usr/bin/cmake --build /home/orangepi/GM/nuc/GMaster_project/src/contact/build/contact -- -j8 -l8
[0.192s] [ 50%] Built target serial
[0.237s] [35m[1mConsolidate compiler generated dependencies of target contact[0m
[0.295s] [ 62%] [32mBuilding CXX object CMakeFiles/contact.dir/src/ContactNode.cpp.o[0m
[28.176s] [ 75%] [32m[1mLinking CXX executable contact[0m
[30.144s] [100%] Built target contact
[30.164s] Invoked command in '/home/orangepi/GM/nuc/GMaster_project/src/contact/build/contact' returned '0': CMAKE_PREFIX_PATH=${CMAKE_PREFIX_PATH}:/opt/ros/humble /usr/bin/cmake --build /home/orangepi/GM/nuc/GMaster_project/src/contact/build/contact -- -j8 -l8
[30.185s] Invoking command in '/home/orangepi/GM/nuc/GMaster_project/src/contact/build/contact': CMAKE_PREFIX_PATH=${CMAKE_PREFIX_PATH}:/opt/ros/humble /usr/bin/cmake --install /home/orangepi/GM/nuc/GMaster_project/src/contact/build/contact
[30.207s] -- Install configuration: ""
[30.207s] -- Installing: /home/orangepi/GM/nuc/GMaster_project/src/contact/install/contact/lib/contact/contact
[30.220s] -- Set runtime path of "/home/orangepi/GM/nuc/GMaster_project/src/contact/install/contact/lib/contact/contact" to ""
[30.220s] -- Up-to-date: /home/orangepi/GM/nuc/GMaster_project/src/contact/install/contact/share/ament_index/resource_index/package_run_dependencies/contact
[30.220s] -- Up-to-date: /home/orangepi/GM/nuc/GMaster_project/src/contact/install/contact/share/ament_index/resource_index/parent_prefix_path/contact
[30.220s] -- Up-to-date: /home/orangepi/GM/nuc/GMaster_project/src/contact/install/contact/share/contact/environment/ament_prefix_path.sh
[30.221s] -- Up-to-date: /home/orangepi/GM/nuc/GMaster_project/src/contact/install/contact/share/contact/environment/ament_prefix_path.dsv
[30.221s] -- Up-to-date: /home/orangepi/GM/nuc/GMaster_project/src/contact/install/contact/share/contact/environment/path.sh
[30.221s] -- Up-to-date: /home/orangepi/GM/nuc/GMaster_project/src/contact/install/contact/share/contact/environment/path.dsv
[30.221s] -- Up-to-date: /home/orangepi/GM/nuc/GMaster_project/src/contact/install/contact/share/contact/local_setup.bash
[30.221s] -- Up-to-date: /home/orangepi/GM/nuc/GMaster_project/src/contact/install/contact/share/contact/local_setup.sh
[30.221s] -- Up-to-date: /home/orangepi/GM/nuc/GMaster_project/src/contact/install/contact/share/contact/local_setup.zsh
[30.221s] -- Up-to-date: /home/orangepi/GM/nuc/GMaster_project/src/contact/install/contact/share/contact/local_setup.dsv
[30.221s] -- Installing: /home/orangepi/GM/nuc/GMaster_project/src/contact/install/contact/share/contact/package.dsv
[30.221s] -- Up-to-date: /home/orangepi/GM/nuc/GMaster_project/src/contact/install/contact/share/ament_index/resource_index/packages/contact
[30.221s] -- Up-to-date: /home/orangepi/GM/nuc/GMaster_project/src/contact/install/contact/share/contact/cmake/contactConfig.cmake
[30.221s] -- Up-to-date: /home/orangepi/GM/nuc/GMaster_project/src/contact/install/contact/share/contact/cmake/contactConfig-version.cmake
[30.221s] -- Up-to-date: /home/orangepi/GM/nuc/GMaster_project/src/contact/install/contact/share/contact/package.xml
[30.226s] Invoked command in '/home/orangepi/GM/nuc/GMaster_project/src/contact/build/contact' returned '0': CMAKE_PREFIX_PATH=${CMAKE_PREFIX_PATH}:/opt/ros/humble /usr/bin/cmake --install /home/orangepi/GM/nuc/GMaster_project/src/contact/build/contact
