[0.129s] DEBUG:colcon:Command line arguments: ['/usr/bin/colcon', 'build']
[0.129s] DEBUG:colcon:Parsed command line arguments: Namespace(log_base=None, log_level=None, verb_name='build', build_base='build', install_base='install', merge_install=False, symlink_install=False, test_result_base=None, continue_on_error=False, executor='parallel', parallel_workers=8, event_handlers=None, ignore_user_meta=False, metas=['./colcon.meta'], base_paths=['.'], packages_ignore=None, packages_ignore_regex=None, paths=None, packages_up_to=None, packages_up_to_regex=None, packages_above=None, packages_above_and_dependencies=None, packages_above_depth=None, packages_select_by_dep=None, packages_skip_by_dep=None, packages_skip_up_to=None, packages_select_build_failed=False, packages_skip_build_finished=False, packages_select_test_failures=False, packages_skip_test_passed=False, packages_select=None, packages_skip=None, packages_select_regex=None, packages_skip_regex=None, packages_start=None, packages_end=None, cmake_args=None, cmake_target=None, cmake_target_skip_unavailable=False, cmake_clean_cache=False, cmake_clean_first=False, cmake_force_configure=False, ament_cmake_args=None, catkin_cmake_args=None, catkin_skip_building_tests=False, verb_parser=<colcon_defaults.argument_parser.defaults.DefaultArgumentsDecorator object at 0x7f7ecdfc10>, verb_extension=<colcon_core.verb.build.BuildVerb object at 0x7f7ecdf280>, main=<bound method BuildVerb.main of <colcon_core.verb.build.BuildVerb object at 0x7f7ecdf280>>)
[0.309s] Level 1:colcon.colcon_core.package_discovery:discover_packages(colcon_meta) check parameters
[0.309s] Level 1:colcon.colcon_core.package_discovery:discover_packages(recursive) check parameters
[0.310s] Level 1:colcon.colcon_core.package_discovery:discover_packages(ignore) check parameters
[0.310s] Level 1:colcon.colcon_core.package_discovery:discover_packages(path) check parameters
[0.310s] Level 1:colcon.colcon_core.package_discovery:discover_packages(colcon_meta) discover
[0.310s] Level 1:colcon.colcon_core.package_discovery:discover_packages(recursive) discover
[0.310s] INFO:colcon.colcon_core.package_discovery:Crawling recursively for packages in '/home/orangepi/GM/nuc/GMaster_project/src/contact'
[0.310s] Level 1:colcon.colcon_core.package_identification:_identify(.) by extensions ['ignore', 'ignore_ament_install']
[0.310s] Level 1:colcon.colcon_core.package_identification:_identify(.) by extension 'ignore'
[0.310s] Level 1:colcon.colcon_core.package_identification:_identify(.) by extension 'ignore_ament_install'
[0.310s] Level 1:colcon.colcon_core.package_identification:_identify(.) by extensions ['colcon_pkg']
[0.310s] Level 1:colcon.colcon_core.package_identification:_identify(.) by extension 'colcon_pkg'
[0.310s] Level 1:colcon.colcon_core.package_identification:_identify(.) by extensions ['colcon_meta']
[0.310s] Level 1:colcon.colcon_core.package_identification:_identify(.) by extension 'colcon_meta'
[0.310s] Level 1:colcon.colcon_core.package_identification:_identify(.) by extensions ['ros']
[0.310s] Level 1:colcon.colcon_core.package_identification:_identify(.) by extension 'ros'
[0.330s] DEBUG:colcon.colcon_core.package_identification:Package '.' with type 'ros.ament_cmake' and name 'contact'
[0.330s] Level 1:colcon.colcon_core.package_discovery:discover_packages(recursive) using defaults
[0.330s] Level 1:colcon.colcon_core.package_discovery:discover_packages(ignore) discover
[0.330s] Level 1:colcon.colcon_core.package_discovery:discover_packages(ignore) using defaults
[0.330s] Level 1:colcon.colcon_core.package_discovery:discover_packages(path) discover
[0.330s] Level 1:colcon.colcon_core.package_discovery:discover_packages(path) using defaults
[0.355s] Level 5:colcon.colcon_core.verb:set package 'contact' build argument 'cmake_args' from command line to 'None'
[0.355s] Level 5:colcon.colcon_core.verb:set package 'contact' build argument 'cmake_target' from command line to 'None'
[0.355s] Level 5:colcon.colcon_core.verb:set package 'contact' build argument 'cmake_target_skip_unavailable' from command line to 'False'
[0.355s] Level 5:colcon.colcon_core.verb:set package 'contact' build argument 'cmake_clean_cache' from command line to 'False'
[0.355s] Level 5:colcon.colcon_core.verb:set package 'contact' build argument 'cmake_clean_first' from command line to 'False'
[0.355s] Level 5:colcon.colcon_core.verb:set package 'contact' build argument 'cmake_force_configure' from command line to 'False'
[0.355s] Level 5:colcon.colcon_core.verb:set package 'contact' build argument 'ament_cmake_args' from command line to 'None'
[0.355s] Level 5:colcon.colcon_core.verb:set package 'contact' build argument 'catkin_cmake_args' from command line to 'None'
[0.355s] Level 5:colcon.colcon_core.verb:set package 'contact' build argument 'catkin_skip_building_tests' from command line to 'False'
[0.355s] DEBUG:colcon.colcon_core.verb:Building package 'contact' with the following arguments: {'ament_cmake_args': None, 'build_base': '/home/orangepi/GM/nuc/GMaster_project/src/contact/build/contact', 'catkin_cmake_args': None, 'catkin_skip_building_tests': False, 'cmake_args': None, 'cmake_clean_cache': False, 'cmake_clean_first': False, 'cmake_force_configure': False, 'cmake_target': None, 'cmake_target_skip_unavailable': False, 'install_base': '/home/orangepi/GM/nuc/GMaster_project/src/contact/install/contact', 'merge_install': False, 'path': '/home/orangepi/GM/nuc/GMaster_project/src/contact', 'symlink_install': False, 'test_result_base': None}
[0.355s] INFO:colcon.colcon_core.executor:Executing jobs using 'parallel' executor
[0.357s] DEBUG:colcon.colcon_parallel_executor.executor.parallel:run_until_complete
[0.358s] INFO:colcon.colcon_ros.task.ament_cmake.build:Building ROS package in '/home/orangepi/GM/nuc/GMaster_project/src/contact' with build type 'ament_cmake'
[0.358s] INFO:colcon.colcon_cmake.task.cmake.build:Building CMake package in '/home/orangepi/GM/nuc/GMaster_project/src/contact'
[0.360s] INFO:colcon.colcon_core.plugin_system:Skipping extension 'colcon_core.shell.bat': Not used on non-Windows systems
[0.360s] INFO:colcon.colcon_core.shell:Skip shell extension 'powershell' for command environment: Not usable outside of PowerShell
[0.360s] DEBUG:colcon.colcon_core.shell:Skip shell extension 'dsv' for command environment
[0.379s] DEBUG:colcon.colcon_core.event_handler.log_command:Invoking command in '/home/orangepi/GM/nuc/GMaster_project/src/contact/build/contact': CMAKE_PREFIX_PATH=${CMAKE_PREFIX_PATH}:/opt/ros/humble /usr/bin/cmake --build /home/orangepi/GM/nuc/GMaster_project/src/contact/build/contact -- -j8 -l8
[30.792s] DEBUG:colcon.colcon_core.event_handler.log_command:Invoked command in '/home/orangepi/GM/nuc/GMaster_project/src/contact/build/contact' returned '0': CMAKE_PREFIX_PATH=${CMAKE_PREFIX_PATH}:/opt/ros/humble /usr/bin/cmake --build /home/orangepi/GM/nuc/GMaster_project/src/contact/build/contact -- -j8 -l8
[30.809s] DEBUG:colcon.colcon_core.event_handler.log_command:Invoking command in '/home/orangepi/GM/nuc/GMaster_project/src/contact/build/contact': CMAKE_PREFIX_PATH=${CMAKE_PREFIX_PATH}:/opt/ros/humble /usr/bin/cmake --install /home/orangepi/GM/nuc/GMaster_project/src/contact/build/contact
[30.855s] Level 1:colcon.colcon_core.environment:create_environment_scripts_only(contact)
[30.861s] DEBUG:colcon.colcon_core.event_handler.log_command:Invoked command in '/home/orangepi/GM/nuc/GMaster_project/src/contact/build/contact' returned '0': CMAKE_PREFIX_PATH=${CMAKE_PREFIX_PATH}:/opt/ros/humble /usr/bin/cmake --install /home/orangepi/GM/nuc/GMaster_project/src/contact/build/contact
[30.862s] Level 1:colcon.colcon_core.environment:checking '/home/orangepi/GM/nuc/GMaster_project/src/contact/install/contact' for CMake module files
[30.863s] Level 1:colcon.colcon_core.environment:checking '/home/orangepi/GM/nuc/GMaster_project/src/contact/install/contact' for CMake config files
[30.863s] Level 1:colcon.colcon_core.shell:create_environment_hook('contact', 'cmake_prefix_path')
[30.864s] INFO:colcon.colcon_core.shell:Creating environment hook '/home/orangepi/GM/nuc/GMaster_project/src/contact/install/contact/share/contact/hook/cmake_prefix_path.ps1'
[30.864s] INFO:colcon.colcon_core.shell:Creating environment descriptor '/home/orangepi/GM/nuc/GMaster_project/src/contact/install/contact/share/contact/hook/cmake_prefix_path.dsv'
[30.865s] INFO:colcon.colcon_core.shell:Creating environment hook '/home/orangepi/GM/nuc/GMaster_project/src/contact/install/contact/share/contact/hook/cmake_prefix_path.sh'
[30.867s] Level 1:colcon.colcon_core.environment:checking '/home/orangepi/GM/nuc/GMaster_project/src/contact/install/contact/lib'
[30.867s] Level 1:colcon.colcon_core.environment:checking '/home/orangepi/GM/nuc/GMaster_project/src/contact/install/contact/bin'
[30.867s] Level 1:colcon.colcon_core.environment:checking '/home/orangepi/GM/nuc/GMaster_project/src/contact/install/contact/lib/pkgconfig/contact.pc'
[30.870s] Level 1:colcon.colcon_core.environment:checking '/home/orangepi/GM/nuc/GMaster_project/src/contact/install/contact/lib/python3.10/site-packages'
[30.870s] Level 1:colcon.colcon_core.environment:checking '/home/orangepi/GM/nuc/GMaster_project/src/contact/install/contact/bin'
[30.871s] INFO:colcon.colcon_core.shell:Creating package script '/home/orangepi/GM/nuc/GMaster_project/src/contact/install/contact/share/contact/package.ps1'
[30.873s] INFO:colcon.colcon_core.shell:Creating package descriptor '/home/orangepi/GM/nuc/GMaster_project/src/contact/install/contact/share/contact/package.dsv'
[30.875s] INFO:colcon.colcon_core.shell:Creating package script '/home/orangepi/GM/nuc/GMaster_project/src/contact/install/contact/share/contact/package.sh'
[30.878s] INFO:colcon.colcon_core.shell:Creating package script '/home/orangepi/GM/nuc/GMaster_project/src/contact/install/contact/share/contact/package.bash'
[30.881s] INFO:colcon.colcon_core.shell:Creating package script '/home/orangepi/GM/nuc/GMaster_project/src/contact/install/contact/share/contact/package.zsh'
[30.884s] Level 1:colcon.colcon_core.environment:create_file_with_runtime_dependencies(/home/orangepi/GM/nuc/GMaster_project/src/contact/install/contact/share/colcon-core/packages/contact)
[30.888s] Level 1:colcon.colcon_core.environment:create_environment_scripts_only(contact)
[30.889s] Level 1:colcon.colcon_core.environment:checking '/home/orangepi/GM/nuc/GMaster_project/src/contact/install/contact' for CMake module files
[30.891s] Level 1:colcon.colcon_core.environment:checking '/home/orangepi/GM/nuc/GMaster_project/src/contact/install/contact' for CMake config files
[30.892s] Level 1:colcon.colcon_core.shell:create_environment_hook('contact', 'cmake_prefix_path')
[30.893s] INFO:colcon.colcon_core.shell:Creating environment hook '/home/orangepi/GM/nuc/GMaster_project/src/contact/install/contact/share/contact/hook/cmake_prefix_path.ps1'
[30.894s] INFO:colcon.colcon_core.shell:Creating environment descriptor '/home/orangepi/GM/nuc/GMaster_project/src/contact/install/contact/share/contact/hook/cmake_prefix_path.dsv'
[30.895s] INFO:colcon.colcon_core.shell:Creating environment hook '/home/orangepi/GM/nuc/GMaster_project/src/contact/install/contact/share/contact/hook/cmake_prefix_path.sh'
[30.896s] Level 1:colcon.colcon_core.environment:checking '/home/orangepi/GM/nuc/GMaster_project/src/contact/install/contact/lib'
[30.896s] Level 1:colcon.colcon_core.environment:checking '/home/orangepi/GM/nuc/GMaster_project/src/contact/install/contact/bin'
[30.896s] Level 1:colcon.colcon_core.environment:checking '/home/orangepi/GM/nuc/GMaster_project/src/contact/install/contact/lib/pkgconfig/contact.pc'
[30.896s] Level 1:colcon.colcon_core.environment:checking '/home/orangepi/GM/nuc/GMaster_project/src/contact/install/contact/lib/python3.10/site-packages'
[30.896s] Level 1:colcon.colcon_core.environment:checking '/home/orangepi/GM/nuc/GMaster_project/src/contact/install/contact/bin'
[30.897s] INFO:colcon.colcon_core.shell:Creating package script '/home/orangepi/GM/nuc/GMaster_project/src/contact/install/contact/share/contact/package.ps1'
[30.898s] INFO:colcon.colcon_core.shell:Creating package descriptor '/home/orangepi/GM/nuc/GMaster_project/src/contact/install/contact/share/contact/package.dsv'
[30.899s] INFO:colcon.colcon_core.shell:Creating package script '/home/orangepi/GM/nuc/GMaster_project/src/contact/install/contact/share/contact/package.sh'
[30.900s] INFO:colcon.colcon_core.shell:Creating package script '/home/orangepi/GM/nuc/GMaster_project/src/contact/install/contact/share/contact/package.bash'
[30.901s] INFO:colcon.colcon_core.shell:Creating package script '/home/orangepi/GM/nuc/GMaster_project/src/contact/install/contact/share/contact/package.zsh'
[30.902s] Level 1:colcon.colcon_core.environment:create_file_with_runtime_dependencies(/home/orangepi/GM/nuc/GMaster_project/src/contact/install/contact/share/colcon-core/packages/contact)
[30.905s] DEBUG:colcon.colcon_parallel_executor.executor.parallel:closing loop
[30.906s] DEBUG:colcon.colcon_parallel_executor.executor.parallel:loop closed
[30.906s] DEBUG:colcon.colcon_parallel_executor.executor.parallel:run_until_complete finished with '0'
[30.906s] DEBUG:colcon.colcon_core.event_reactor:joining thread
[30.929s] INFO:colcon.colcon_core.plugin_system:Skipping extension 'colcon_notification.desktop_notification.terminal_notifier': Not used on non-Darwin systems
[30.930s] INFO:colcon.colcon_core.plugin_system:Skipping extension 'colcon_notification.desktop_notification.win32': Not used on non-Windows systems
[30.930s] INFO:colcon.colcon_notification.desktop_notification:Sending desktop notification using 'notify2'
[31.000s] DEBUG:colcon.colcon_core.event_reactor:joined thread
[31.001s] INFO:colcon.colcon_core.shell:Creating prefix script '/home/orangepi/GM/nuc/GMaster_project/src/contact/install/local_setup.ps1'
[31.005s] INFO:colcon.colcon_core.shell:Creating prefix util module '/home/orangepi/GM/nuc/GMaster_project/src/contact/install/_local_setup_util_ps1.py'
[31.009s] INFO:colcon.colcon_core.shell:Creating prefix chain script '/home/orangepi/GM/nuc/GMaster_project/src/contact/install/setup.ps1'
[31.013s] INFO:colcon.colcon_core.shell:Creating prefix script '/home/orangepi/GM/nuc/GMaster_project/src/contact/install/local_setup.sh'
[31.015s] INFO:colcon.colcon_core.shell:Creating prefix util module '/home/orangepi/GM/nuc/GMaster_project/src/contact/install/_local_setup_util_sh.py'
[31.017s] INFO:colcon.colcon_core.shell:Creating prefix chain script '/home/orangepi/GM/nuc/GMaster_project/src/contact/install/setup.sh'
[31.020s] INFO:colcon.colcon_core.shell:Creating prefix script '/home/orangepi/GM/nuc/GMaster_project/src/contact/install/local_setup.bash'
[31.020s] INFO:colcon.colcon_core.shell:Creating prefix chain script '/home/orangepi/GM/nuc/GMaster_project/src/contact/install/setup.bash'
[31.022s] INFO:colcon.colcon_core.shell:Creating prefix script '/home/orangepi/GM/nuc/GMaster_project/src/contact/install/local_setup.zsh'
[31.023s] INFO:colcon.colcon_core.shell:Creating prefix chain script '/home/orangepi/GM/nuc/GMaster_project/src/contact/install/setup.zsh'
