[0.212s] DEBUG:colcon:Command line arguments: ['/usr/bin/colcon', 'build']
[0.212s] DEBUG:colcon:Parsed command line arguments: Namespace(log_base=None, log_level=None, verb_name='build', build_base='build', install_base='install', merge_install=False, symlink_install=False, test_result_base=None, continue_on_error=False, executor='parallel', parallel_workers=8, event_handlers=None, ignore_user_meta=False, metas=['./colcon.meta'], base_paths=['.'], packages_ignore=None, packages_ignore_regex=None, paths=None, packages_up_to=None, packages_up_to_regex=None, packages_above=None, packages_above_and_dependencies=None, packages_above_depth=None, packages_select_by_dep=None, packages_skip_by_dep=None, packages_skip_up_to=None, packages_select_build_failed=False, packages_skip_build_finished=False, packages_select_test_failures=False, packages_skip_test_passed=False, packages_select=None, packages_skip=None, packages_select_regex=None, packages_skip_regex=None, packages_start=None, packages_end=None, cmake_args=None, cmake_target=None, cmake_target_skip_unavailable=False, cmake_clean_cache=False, cmake_clean_first=False, cmake_force_configure=False, ament_cmake_args=None, catkin_cmake_args=None, catkin_skip_building_tests=False, verb_parser=<colcon_defaults.argument_parser.defaults.DefaultArgumentsDecorator object at 0x7facc0fb50>, verb_extension=<colcon_core.verb.build.BuildVerb object at 0x7facc0f1c0>, main=<bound method BuildVerb.main of <colcon_core.verb.build.BuildVerb object at 0x7facc0f1c0>>)
[0.690s] Level 1:colcon.colcon_core.package_discovery:discover_packages(colcon_meta) check parameters
[0.690s] Level 1:colcon.colcon_core.package_discovery:discover_packages(recursive) check parameters
[0.690s] Level 1:colcon.colcon_core.package_discovery:discover_packages(ignore) check parameters
[0.690s] Level 1:colcon.colcon_core.package_discovery:discover_packages(path) check parameters
[0.690s] Level 1:colcon.colcon_core.package_discovery:discover_packages(colcon_meta) discover
[0.691s] Level 1:colcon.colcon_core.package_discovery:discover_packages(recursive) discover
[0.691s] INFO:colcon.colcon_core.package_discovery:Crawling recursively for packages in '/home/orangepi/GM/nuc/GMaster_project/src/contact'
[0.691s] Level 1:colcon.colcon_core.package_identification:_identify(.) by extensions ['ignore', 'ignore_ament_install']
[0.691s] Level 1:colcon.colcon_core.package_identification:_identify(.) by extension 'ignore'
[0.691s] Level 1:colcon.colcon_core.package_identification:_identify(.) by extension 'ignore_ament_install'
[0.692s] Level 1:colcon.colcon_core.package_identification:_identify(.) by extensions ['colcon_pkg']
[0.692s] Level 1:colcon.colcon_core.package_identification:_identify(.) by extension 'colcon_pkg'
[0.692s] Level 1:colcon.colcon_core.package_identification:_identify(.) by extensions ['colcon_meta']
[0.692s] Level 1:colcon.colcon_core.package_identification:_identify(.) by extension 'colcon_meta'
[0.692s] Level 1:colcon.colcon_core.package_identification:_identify(.) by extensions ['ros']
[0.692s] Level 1:colcon.colcon_core.package_identification:_identify(.) by extension 'ros'
[0.739s] DEBUG:colcon.colcon_core.package_identification:Package '.' with type 'ros.ament_cmake' and name 'contact'
[0.739s] Level 1:colcon.colcon_core.package_discovery:discover_packages(recursive) using defaults
[0.739s] Level 1:colcon.colcon_core.package_discovery:discover_packages(ignore) discover
[0.739s] Level 1:colcon.colcon_core.package_discovery:discover_packages(ignore) using defaults
[0.739s] Level 1:colcon.colcon_core.package_discovery:discover_packages(path) discover
[0.739s] Level 1:colcon.colcon_core.package_discovery:discover_packages(path) using defaults
[0.806s] Level 5:colcon.colcon_core.verb:set package 'contact' build argument 'cmake_args' from command line to 'None'
[0.806s] Level 5:colcon.colcon_core.verb:set package 'contact' build argument 'cmake_target' from command line to 'None'
[0.806s] Level 5:colcon.colcon_core.verb:set package 'contact' build argument 'cmake_target_skip_unavailable' from command line to 'False'
[0.806s] Level 5:colcon.colcon_core.verb:set package 'contact' build argument 'cmake_clean_cache' from command line to 'False'
[0.806s] Level 5:colcon.colcon_core.verb:set package 'contact' build argument 'cmake_clean_first' from command line to 'False'
[0.806s] Level 5:colcon.colcon_core.verb:set package 'contact' build argument 'cmake_force_configure' from command line to 'False'
[0.806s] Level 5:colcon.colcon_core.verb:set package 'contact' build argument 'ament_cmake_args' from command line to 'None'
[0.807s] Level 5:colcon.colcon_core.verb:set package 'contact' build argument 'catkin_cmake_args' from command line to 'None'
[0.807s] Level 5:colcon.colcon_core.verb:set package 'contact' build argument 'catkin_skip_building_tests' from command line to 'False'
[0.807s] DEBUG:colcon.colcon_core.verb:Building package 'contact' with the following arguments: {'ament_cmake_args': None, 'build_base': '/home/orangepi/GM/nuc/GMaster_project/src/contact/build/contact', 'catkin_cmake_args': None, 'catkin_skip_building_tests': False, 'cmake_args': None, 'cmake_clean_cache': False, 'cmake_clean_first': False, 'cmake_force_configure': False, 'cmake_target': None, 'cmake_target_skip_unavailable': False, 'install_base': '/home/orangepi/GM/nuc/GMaster_project/src/contact/install/contact', 'merge_install': False, 'path': '/home/orangepi/GM/nuc/GMaster_project/src/contact', 'symlink_install': False, 'test_result_base': None}
[0.807s] INFO:colcon.colcon_core.executor:Executing jobs using 'parallel' executor
[0.809s] DEBUG:colcon.colcon_parallel_executor.executor.parallel:run_until_complete
[0.811s] INFO:colcon.colcon_ros.task.ament_cmake.build:Building ROS package in '/home/orangepi/GM/nuc/GMaster_project/src/contact' with build type 'ament_cmake'
[0.811s] INFO:colcon.colcon_cmake.task.cmake.build:Building CMake package in '/home/orangepi/GM/nuc/GMaster_project/src/contact'
[0.826s] INFO:colcon.colcon_core.plugin_system:Skipping extension 'colcon_core.shell.bat': Not used on non-Windows systems
[0.827s] INFO:colcon.colcon_core.shell:Skip shell extension 'powershell' for command environment: Not usable outside of PowerShell
[0.827s] DEBUG:colcon.colcon_core.shell:Skip shell extension 'dsv' for command environment
[0.860s] DEBUG:colcon.colcon_core.event_handler.log_command:Invoking command in '/home/orangepi/GM/nuc/GMaster_project/src/contact/build/contact': CMAKE_PREFIX_PATH=/opt/ros/humble /usr/bin/cmake --build /home/orangepi/GM/nuc/GMaster_project/src/contact/build/contact -- -j8 -l8
[38.607s] DEBUG:colcon.colcon_core.event_handler.log_command:Invoked command in '/home/orangepi/GM/nuc/GMaster_project/src/contact/build/contact' returned '0': CMAKE_PREFIX_PATH=/opt/ros/humble /usr/bin/cmake --build /home/orangepi/GM/nuc/GMaster_project/src/contact/build/contact -- -j8 -l8
[38.636s] DEBUG:colcon.colcon_core.event_handler.log_command:Invoking command in '/home/orangepi/GM/nuc/GMaster_project/src/contact/build/contact': CMAKE_PREFIX_PATH=/opt/ros/humble /usr/bin/cmake --install /home/orangepi/GM/nuc/GMaster_project/src/contact/build/contact
[38.696s] Level 1:colcon.colcon_core.environment:create_environment_scripts_only(contact)
[38.697s] DEBUG:colcon.colcon_core.event_handler.log_command:Invoked command in '/home/orangepi/GM/nuc/GMaster_project/src/contact/build/contact' returned '0': CMAKE_PREFIX_PATH=/opt/ros/humble /usr/bin/cmake --install /home/orangepi/GM/nuc/GMaster_project/src/contact/build/contact
[38.710s] Level 1:colcon.colcon_core.environment:checking '/home/orangepi/GM/nuc/GMaster_project/src/contact/install/contact' for CMake module files
[38.711s] Level 1:colcon.colcon_core.environment:checking '/home/orangepi/GM/nuc/GMaster_project/src/contact/install/contact' for CMake config files
[38.712s] Level 1:colcon.colcon_core.shell:create_environment_hook('contact', 'cmake_prefix_path')
[38.713s] INFO:colcon.colcon_core.shell:Creating environment hook '/home/orangepi/GM/nuc/GMaster_project/src/contact/install/contact/share/contact/hook/cmake_prefix_path.ps1'
[38.715s] INFO:colcon.colcon_core.shell:Creating environment descriptor '/home/orangepi/GM/nuc/GMaster_project/src/contact/install/contact/share/contact/hook/cmake_prefix_path.dsv'
[38.718s] INFO:colcon.colcon_core.shell:Creating environment hook '/home/orangepi/GM/nuc/GMaster_project/src/contact/install/contact/share/contact/hook/cmake_prefix_path.sh'
[38.722s] Level 1:colcon.colcon_core.environment:checking '/home/orangepi/GM/nuc/GMaster_project/src/contact/install/contact/lib'
[38.722s] Level 1:colcon.colcon_core.environment:checking '/home/orangepi/GM/nuc/GMaster_project/src/contact/install/contact/bin'
[38.722s] Level 1:colcon.colcon_core.environment:checking '/home/orangepi/GM/nuc/GMaster_project/src/contact/install/contact/lib/pkgconfig/contact.pc'
[38.727s] Level 1:colcon.colcon_core.environment:checking '/home/orangepi/GM/nuc/GMaster_project/src/contact/install/contact/lib/python3.10/site-packages'
[38.727s] Level 1:colcon.colcon_core.environment:checking '/home/orangepi/GM/nuc/GMaster_project/src/contact/install/contact/bin'
[38.728s] INFO:colcon.colcon_core.shell:Creating package script '/home/orangepi/GM/nuc/GMaster_project/src/contact/install/contact/share/contact/package.ps1'
[38.730s] INFO:colcon.colcon_core.shell:Creating package descriptor '/home/orangepi/GM/nuc/GMaster_project/src/contact/install/contact/share/contact/package.dsv'
[38.733s] INFO:colcon.colcon_core.shell:Creating package script '/home/orangepi/GM/nuc/GMaster_project/src/contact/install/contact/share/contact/package.sh'
[38.736s] INFO:colcon.colcon_core.shell:Creating package script '/home/orangepi/GM/nuc/GMaster_project/src/contact/install/contact/share/contact/package.bash'
[38.740s] INFO:colcon.colcon_core.shell:Creating package script '/home/orangepi/GM/nuc/GMaster_project/src/contact/install/contact/share/contact/package.zsh'
[38.743s] Level 1:colcon.colcon_core.environment:create_file_with_runtime_dependencies(/home/orangepi/GM/nuc/GMaster_project/src/contact/install/contact/share/colcon-core/packages/contact)
[38.746s] Level 1:colcon.colcon_core.environment:create_environment_scripts_only(contact)
[38.746s] Level 1:colcon.colcon_core.environment:checking '/home/orangepi/GM/nuc/GMaster_project/src/contact/install/contact' for CMake module files
[38.747s] Level 1:colcon.colcon_core.environment:checking '/home/orangepi/GM/nuc/GMaster_project/src/contact/install/contact' for CMake config files
[38.748s] Level 1:colcon.colcon_core.shell:create_environment_hook('contact', 'cmake_prefix_path')
[38.748s] INFO:colcon.colcon_core.shell:Creating environment hook '/home/orangepi/GM/nuc/GMaster_project/src/contact/install/contact/share/contact/hook/cmake_prefix_path.ps1'
[38.749s] INFO:colcon.colcon_core.shell:Creating environment descriptor '/home/orangepi/GM/nuc/GMaster_project/src/contact/install/contact/share/contact/hook/cmake_prefix_path.dsv'
[38.750s] INFO:colcon.colcon_core.shell:Creating environment hook '/home/orangepi/GM/nuc/GMaster_project/src/contact/install/contact/share/contact/hook/cmake_prefix_path.sh'
[38.751s] Level 1:colcon.colcon_core.environment:checking '/home/orangepi/GM/nuc/GMaster_project/src/contact/install/contact/lib'
[38.751s] Level 1:colcon.colcon_core.environment:checking '/home/orangepi/GM/nuc/GMaster_project/src/contact/install/contact/bin'
[38.751s] Level 1:colcon.colcon_core.environment:checking '/home/orangepi/GM/nuc/GMaster_project/src/contact/install/contact/lib/pkgconfig/contact.pc'
[38.752s] Level 1:colcon.colcon_core.environment:checking '/home/orangepi/GM/nuc/GMaster_project/src/contact/install/contact/lib/python3.10/site-packages'
[38.752s] Level 1:colcon.colcon_core.environment:checking '/home/orangepi/GM/nuc/GMaster_project/src/contact/install/contact/bin'
[38.753s] INFO:colcon.colcon_core.shell:Creating package script '/home/orangepi/GM/nuc/GMaster_project/src/contact/install/contact/share/contact/package.ps1'
[38.754s] INFO:colcon.colcon_core.shell:Creating package descriptor '/home/orangepi/GM/nuc/GMaster_project/src/contact/install/contact/share/contact/package.dsv'
[38.756s] INFO:colcon.colcon_core.shell:Creating package script '/home/orangepi/GM/nuc/GMaster_project/src/contact/install/contact/share/contact/package.sh'
[38.757s] INFO:colcon.colcon_core.shell:Creating package script '/home/orangepi/GM/nuc/GMaster_project/src/contact/install/contact/share/contact/package.bash'
[38.758s] INFO:colcon.colcon_core.shell:Creating package script '/home/orangepi/GM/nuc/GMaster_project/src/contact/install/contact/share/contact/package.zsh'
[38.759s] Level 1:colcon.colcon_core.environment:create_file_with_runtime_dependencies(/home/orangepi/GM/nuc/GMaster_project/src/contact/install/contact/share/colcon-core/packages/contact)
[38.761s] DEBUG:colcon.colcon_parallel_executor.executor.parallel:closing loop
[38.761s] DEBUG:colcon.colcon_parallel_executor.executor.parallel:loop closed
[38.761s] DEBUG:colcon.colcon_parallel_executor.executor.parallel:run_until_complete finished with '0'
[38.761s] DEBUG:colcon.colcon_core.event_reactor:joining thread
[38.777s] INFO:colcon.colcon_core.plugin_system:Skipping extension 'colcon_notification.desktop_notification.terminal_notifier': Not used on non-Darwin systems
[38.777s] INFO:colcon.colcon_core.plugin_system:Skipping extension 'colcon_notification.desktop_notification.win32': Not used on non-Windows systems
[38.777s] INFO:colcon.colcon_notification.desktop_notification:Sending desktop notification using 'notify2'
[63.874s] DEBUG:colcon.colcon_notification.desktop_notification.notify2:Failed to initialize notify2: org.freedesktop.DBus.Error.NoReply: Did not receive a reply. Possible causes include: the remote application did not send a reply, the message bus security policy blocked the reply, the reply timeout expired, or the network connection was broken.
[63.875s] DEBUG:colcon.colcon_core.event_reactor:joined thread
[63.877s] INFO:colcon.colcon_core.shell:Creating prefix script '/home/orangepi/GM/nuc/GMaster_project/src/contact/install/local_setup.ps1'
[63.893s] INFO:colcon.colcon_core.shell:Creating prefix util module '/home/orangepi/GM/nuc/GMaster_project/src/contact/install/_local_setup_util_ps1.py'
[63.898s] INFO:colcon.colcon_core.shell:Creating prefix chain script '/home/orangepi/GM/nuc/GMaster_project/src/contact/install/setup.ps1'
[63.902s] INFO:colcon.colcon_core.shell:Creating prefix script '/home/orangepi/GM/nuc/GMaster_project/src/contact/install/local_setup.sh'
[63.904s] INFO:colcon.colcon_core.shell:Creating prefix util module '/home/orangepi/GM/nuc/GMaster_project/src/contact/install/_local_setup_util_sh.py'
[63.907s] INFO:colcon.colcon_core.shell:Creating prefix chain script '/home/orangepi/GM/nuc/GMaster_project/src/contact/install/setup.sh'
[63.912s] INFO:colcon.colcon_core.shell:Creating prefix script '/home/orangepi/GM/nuc/GMaster_project/src/contact/install/local_setup.bash'
[63.916s] INFO:colcon.colcon_core.shell:Creating prefix chain script '/home/orangepi/GM/nuc/GMaster_project/src/contact/install/setup.bash'
[63.922s] INFO:colcon.colcon_core.shell:Creating prefix script '/home/orangepi/GM/nuc/GMaster_project/src/contact/install/local_setup.zsh'
[63.927s] INFO:colcon.colcon_core.shell:Creating prefix chain script '/home/orangepi/GM/nuc/GMaster_project/src/contact/install/setup.zsh'
