[ 50%] Built target serial
[35m[1mConsolidate compiler generated dependencies of target contact[0m
[ 62%] [32mBuilding CXX object CMakeFiles/contact.dir/src/CommPort.cpp.o[0m
[01m[K/home/orangepi/GM/nuc/GMaster_project/src/contact/src/CommPort.cpp:[m[K In constructor ‘[01m[KCommPort::CommPort()[m[K’:
[01m[K/home/orangepi/GM/nuc/GMaster_project/src/contact/src/CommPort.cpp:4:18:[m[K [01;35m[Kwarning: [m[KISO C++ forbids converting a string constant to ‘[01m[Kchar*[m[K’ [[01;35m[K]8;;https://gcc.gnu.org/onlinedocs/gcc/Warning-Options.html#index-Wwrite-strings-Wwrite-strings]8;;[m[K]
    4 |   char *device = [01;35m[K"/dev/ttyACM0"[m[K;
      |                  [01;35m[K^~~~~~~~~~~~~~[m[K
[01m[K/home/orangepi/GM/nuc/GMaster_project/src/contact/src/CommPort.cpp:[m[K In member function ‘[01m[Kvoid CommPort::RxHandler_fast()[m[K’:
[01m[K/home/orangepi/GM/nuc/GMaster_project/src/contact/src/CommPort.cpp:177:28:[m[K [01;31m[Kerror: [m[Kcannot convert ‘[01m[Kfloat[m[K’ to ‘[01m[Kvoid*[m[K’
  177 |     memcpy([01;31m[Krx_struct_fast_.yaw[m[K, rx_buffer_ + 17, sizeof(float));
      |            [01;31m[K~~~~~~~~~~~~~~~~^~~[m[K
      |                            [01;31m[K|[m[K
      |                            [01;31m[Kfloat[m[K
In file included from [01m[K/usr/include/c++/11/cstring:42[m[K,
                 from [01m[K/home/orangepi/GM/nuc/GMaster_project/src/contact/serial/lib/include/serial/serial.h:42[m[K,
                 from [01m[K/home/orangepi/GM/nuc/GMaster_project/src/contact/include/CommPort.h:4[m[K,
                 from [01m[K/home/orangepi/GM/nuc/GMaster_project/src/contact/src/CommPort.cpp:1[m[K:
[01m[K/usr/include/string.h:43:39:[m[K [01;36m[Knote: [m[K  initializing argument 1 of ‘[01m[Kvoid* memcpy(void*, const void*, size_t)[m[K’
   43 | extern void *memcpy ([01;36m[Kvoid *__restrict __dest[m[K, const void *__restrict __src,
      |                      [01;36m[K~~~~~~~~~~~~~~~~~^~~~~~[m[K
gmake[2]: *** [CMakeFiles/contact.dir/build.make:90: CMakeFiles/contact.dir/src/CommPort.cpp.o] Error 1
gmake[1]: *** [CMakeFiles/Makefile2:154: CMakeFiles/contact.dir/all] Error 2
gmake: *** [Makefile:146: all] Error 2
