[35m[1mConsolidate compiler generated dependencies of target serial[0m
[ 50%] Built target serial
[35m[1mConsolidate compiler generated dependencies of target contact[0m
[ 62%] [32mBuilding CXX object CMakeFiles/contact.dir/src/ContactNode.cpp.o[0m
In file included from [01m[K/home/orangepi/GM/nuc/GMaster_project/src/contact/src/ContactNode.cpp:1[m[K:
[01m[K/home/orangepi/GM/nuc/GMaster_project/src/contact/include/CommPort.h:33:3:[m[K [01;35m[Kwarning: [m[K‘[01m[Ktypedef[m[K’ was ignored in this declaration
   33 |   [01;35m[Ktypedef[m[K struct ProjectileRx {
      |   [01;35m[K^~~~~~~[m[K
[01m[K/home/orangepi/GM/nuc/GMaster_project/src/contact/src/ContactNode.cpp:[m[K In member function ‘[01m[Kvoid ContactNode::rx_timer_callback()[m[K’:
[01m[K/home/orangepi/GM/nuc/GMaster_project/src/contact/src/ContactNode.cpp:136:37:[m[K [01;35m[Kwarning: [m[Ktaking address of packed member of ‘[01m[KCommPort::ProjectileRx[m[K’ may result in an unaligned pointer value [[01;35m[K]8;;https://gcc.gnu.org/onlinedocs/gcc/Warning-Options.html#index-Waddress-of-packed-member-Waddress-of-packed-member]8;;[m[K]
  136 |     auto enemy_hp = [01;35m[Kcomm.rx_struct_.enemy_hp[m[K;
      |                     [01;35m[K~~~~~~~~~~~~~~~~^~~~~~~~[m[K
[01m[K/home/orangepi/GM/nuc/GMaster_project/src/contact/src/ContactNode.cpp:130:14:[m[K [01;35m[Kwarning: [m[Kunused variable ‘[01m[Ktimestamp[m[K’ [[01;35m[K]8;;https://gcc.gnu.org/onlinedocs/gcc/Warning-Options.html#index-Wunused-variable-Wunused-variable]8;;[m[K]
  130 |     uint32_t [01;35m[Ktimestamp[m[K = comm.rx_struct_.timestamp;
      |              [01;35m[K^~~~~~~~~[m[K
[ 75%] [32m[1mLinking CXX executable contact[0m
[100%] Built target contact
-- Install configuration: ""
-- Installing: /home/orangepi/GM/nuc/GMaster_project/src/contact/install/contact/lib/contact/contact
-- Set runtime path of "/home/orangepi/GM/nuc/GMaster_project/src/contact/install/contact/lib/contact/contact" to ""
-- Up-to-date: /home/orangepi/GM/nuc/GMaster_project/src/contact/install/contact/share/ament_index/resource_index/package_run_dependencies/contact
-- Up-to-date: /home/orangepi/GM/nuc/GMaster_project/src/contact/install/contact/share/ament_index/resource_index/parent_prefix_path/contact
-- Up-to-date: /home/orangepi/GM/nuc/GMaster_project/src/contact/install/contact/share/contact/environment/ament_prefix_path.sh
-- Up-to-date: /home/orangepi/GM/nuc/GMaster_project/src/contact/install/contact/share/contact/environment/ament_prefix_path.dsv
-- Up-to-date: /home/orangepi/GM/nuc/GMaster_project/src/contact/install/contact/share/contact/environment/path.sh
-- Up-to-date: /home/orangepi/GM/nuc/GMaster_project/src/contact/install/contact/share/contact/environment/path.dsv
-- Up-to-date: /home/orangepi/GM/nuc/GMaster_project/src/contact/install/contact/share/contact/local_setup.bash
-- Up-to-date: /home/orangepi/GM/nuc/GMaster_project/src/contact/install/contact/share/contact/local_setup.sh
-- Up-to-date: /home/orangepi/GM/nuc/GMaster_project/src/contact/install/contact/share/contact/local_setup.zsh
-- Up-to-date: /home/orangepi/GM/nuc/GMaster_project/src/contact/install/contact/share/contact/local_setup.dsv
-- Installing: /home/orangepi/GM/nuc/GMaster_project/src/contact/install/contact/share/contact/package.dsv
-- Up-to-date: /home/orangepi/GM/nuc/GMaster_project/src/contact/install/contact/share/ament_index/resource_index/packages/contact
-- Up-to-date: /home/orangepi/GM/nuc/GMaster_project/src/contact/install/contact/share/contact/cmake/contactConfig.cmake
-- Up-to-date: /home/orangepi/GM/nuc/GMaster_project/src/contact/install/contact/share/contact/cmake/contactConfig-version.cmake
-- Up-to-date: /home/orangepi/GM/nuc/GMaster_project/src/contact/install/contact/share/contact/package.xml
