[0.049s] Invoking command in '/home/orangepi/GM/nuc/GMaster_project/src/contact/build/contact': CMAKE_PREFIX_PATH=${CMAKE_PREFIX_PATH}:/opt/ros/humble /usr/bin/cmake --build /home/orangepi/GM/nuc/GMaster_project/src/contact/build/contact -- -j8 -l8
[0.425s] [ 50%] Built target serial
[0.476s] [35m[1mConsolidate compiler generated dependencies of target contact[0m
[0.529s] [ 62%] [32mBuilding CXX object CMakeFiles/contact.dir/src/ContactNode.cpp.o[0m
[0.536s] [ 75%] [32mBuilding CXX object CMakeFiles/contact.dir/src/CommPort.cpp.o[0m
[2.222s] [01m[K/home/orangepi/GM/nuc/GMaster_project/src/contact/src/CommPort.cpp:[m[K In constructor ‘[01m[KCommPort::CommPort()[m[K’:
[2.222s] [01m[K/home/orangepi/GM/nuc/GMaster_project/src/contact/src/CommPort.cpp:4:18:[m[K [01;35m[Kwarning: [m[KISO C++ forbids converting a string constant to ‘[01m[Kchar*[m[K’ [[01;35m[K]8;;https://gcc.gnu.org/onlinedocs/gcc/Warning-Options.html#index-Wwrite-strings-Wwrite-strings]8;;[m[K]
[2.222s]     4 |   char *device = [01;35m[K"/dev/ttyACM0"[m[K;
[2.222s]       |                  [01;35m[K^~~~~~~~~~~~~~[m[K
[2.228s] [01m[K/home/orangepi/GM/nuc/GMaster_project/src/contact/src/CommPort.cpp:[m[K In member function ‘[01m[Kvoid CommPort::Read()[m[K’:
[2.228s] [01m[K/home/orangepi/GM/nuc/GMaster_project/src/contact/src/CommPort.cpp:36:25:[m[K [01;31m[Kerror: [m[K‘[01m[KCommPort::ProjectileRx_slow[m[K’ {aka ‘[01m[Kstruct CommPort::ProjectileRx_slow[m[K’} has no member named ‘[01m[Krobot_position[m[K’
[2.228s]    36 |         rx_struct_slow_.[01;31m[Krobot_position[m[K[2] = 1;
[2.228s]       |                         [01;31m[K^~~~~~~~~~~~~~[m[K
[2.228s] [01m[K/home/orangepi/GM/nuc/GMaster_project/src/contact/src/CommPort.cpp:39:27:[m[K [01;31m[Kerror: [m[K‘[01m[KCommPort::ProjectileRx_slow[m[K’ {aka ‘[01m[Kstruct CommPort::ProjectileRx_slow[m[K’} has no member named ‘[01m[Krobot_position[m[K’
[2.228s]    39 |           rx_struct_slow_.[01;31m[Krobot_position[m[K[1] = 1;
[2.229s]       |                           [01;31m[K^~~~~~~~~~~~~~[m[K
[2.749s] gmake[2]: *** [CMakeFiles/contact.dir/build.make:90: CMakeFiles/contact.dir/src/CommPort.cpp.o] Error 1
[2.749s] gmake[2]: *** Waiting for unfinished jobs....
[5.991s] [01m[K/home/orangepi/GM/nuc/GMaster_project/src/contact/src/ContactNode.cpp:[m[K In member function ‘[01m[Kvoid ContactNode::rx_timer_callback()[m[K’:
[5.991s] [01m[K/home/orangepi/GM/nuc/GMaster_project/src/contact/src/ContactNode.cpp:173:42:[m[K [01;31m[Kerror: [m[K‘[01m[KCommPort::ProjectileRx_slow[m[K’ {aka ‘[01m[Kstruct CommPort::ProjectileRx_slow[m[K’} has no member named ‘[01m[Kenemy_hp[m[K’
[5.991s]   173 |     auto enemy_hp = comm.rx_struct_slow_.[01;31m[Kenemy_hp[m[K;
[5.991s]       |                                          [01;31m[K^~~~~~~~[m[K
[5.992s] [01m[K/home/orangepi/GM/nuc/GMaster_project/src/contact/src/ContactNode.cpp:199:30:[m[K [01;31m[Kerror: [m[K‘[01m[KCommPort::ProjectileRx_slow[m[K’ {aka ‘[01m[Kstruct CommPort::ProjectileRx_slow[m[K’} has no member named ‘[01m[Kbullet_remaining_info[m[K’
[5.992s]   199 |         comm.rx_struct_slow_.[01;31m[Kbullet_remaining_info[m[K[0];
[5.992s]       |                              [01;31m[K^~~~~~~~~~~~~~~~~~~~~[m[K
[5.992s] [01m[K/home/orangepi/GM/nuc/GMaster_project/src/contact/src/ContactNode.cpp:201:30:[m[K [01;31m[Kerror: [m[K‘[01m[KCommPort::ProjectileRx_slow[m[K’ {aka ‘[01m[Kstruct CommPort::ProjectileRx_slow[m[K’} has no member named ‘[01m[Kbullet_remaining_info[m[K’
[5.992s]   201 |         comm.rx_struct_slow_.[01;31m[Kbullet_remaining_info[m[K[1];
[5.992s]       |                              [01;31m[K^~~~~~~~~~~~~~~~~~~~~[m[K
[5.992s] [01m[K/home/orangepi/GM/nuc/GMaster_project/src/contact/src/ContactNode.cpp:203:30:[m[K [01;31m[Kerror: [m[K‘[01m[KCommPort::ProjectileRx_slow[m[K’ {aka ‘[01m[Kstruct CommPort::ProjectileRx_slow[m[K’} has no member named ‘[01m[Kbullet_remaining_info[m[K’
[5.992s]   203 |         comm.rx_struct_slow_.[01;31m[Kbullet_remaining_info[m[K[2];
[5.992s]       |                              [01;31m[K^~~~~~~~~~~~~~~~~~~~~[m[K
[5.993s] In file included from [01m[K/opt/ros/humble/include/rclcpp/rclcpp/logging.hpp:24[m[K,
[5.993s]                  from [01m[K/opt/ros/humble/include/rclcpp/rclcpp/client.hpp:40[m[K,
[5.993s]                  from [01m[K/opt/ros/humble/include/rclcpp/rclcpp/callback_group.hpp:24[m[K,
[5.993s]                  from [01m[K/opt/ros/humble/include/rclcpp/rclcpp/any_executable.hpp:20[m[K,
[5.993s]                  from [01m[K/opt/ros/humble/include/rclcpp/rclcpp/memory_strategy.hpp:25[m[K,
[5.994s]                  from [01m[K/opt/ros/humble/include/rclcpp/rclcpp/memory_strategies.hpp:18[m[K,
[5.994s]                  from [01m[K/opt/ros/humble/include/rclcpp/rclcpp/executor_options.hpp:20[m[K,
[5.994s]                  from [01m[K/opt/ros/humble/include/rclcpp/rclcpp/executor.hpp:37[m[K,
[5.994s]                  from [01m[K/opt/ros/humble/include/rclcpp/rclcpp/executors/multi_threaded_executor.hpp:25[m[K,
[5.994s]                  from [01m[K/opt/ros/humble/include/rclcpp/rclcpp/executors.hpp:21[m[K,
[5.994s]                  from [01m[K/opt/ros/humble/include/rclcpp/rclcpp/rclcpp.hpp:155[m[K,
[5.994s]                  from [01m[K/home/orangepi/GM/nuc/GMaster_project/src/contact/src/ContactNode.cpp:8[m[K:
[5.994s] [01m[K/home/orangepi/GM/nuc/GMaster_project/src/contact/src/ContactNode.cpp:206:38:[m[K [01;31m[Kerror: [m[K‘[01m[KCommPort::ProjectileRx_slow[m[K’ {aka ‘[01m[Kstruct CommPort::ProjectileRx_slow[m[K’} has no member named ‘[01m[Kbullet_remaining_info[m[K’
[5.994s]   206 |                 comm.rx_struct_slow_.[01;31m[Kbullet_remaining_info[m[K[0],
[5.994s]       |                                      [01;31m[K^~~~~~~~~~~~~~~~~~~~~[m[K
[5.995s] [01m[K/home/orangepi/GM/nuc/GMaster_project/src/contact/src/ContactNode.cpp:207:38:[m[K [01;31m[Kerror: [m[K‘[01m[KCommPort::ProjectileRx_slow[m[K’ {aka ‘[01m[Kstruct CommPort::ProjectileRx_slow[m[K’} has no member named ‘[01m[Kbullet_remaining_info[m[K’
[5.995s]   207 |                 comm.rx_struct_slow_.[01;31m[Kbullet_remaining_info[m[K[1],
[5.995s]       |                                      [01;31m[K^~~~~~~~~~~~~~~~~~~~~[m[K
[5.995s] [01m[K/home/orangepi/GM/nuc/GMaster_project/src/contact/src/ContactNode.cpp:208:38:[m[K [01;31m[Kerror: [m[K‘[01m[KCommPort::ProjectileRx_slow[m[K’ {aka ‘[01m[Kstruct CommPort::ProjectileRx_slow[m[K’} has no member named ‘[01m[Kbullet_remaining_info[m[K’
[5.995s]   208 |                 comm.rx_struct_slow_.[01;31m[Kbullet_remaining_info[m[K[2]);
[5.995s]       |                                      [01;31m[K^~~~~~~~~~~~~~~~~~~~~[m[K
[5.995s] [01m[K/home/orangepi/GM/nuc/GMaster_project/src/contact/src/ContactNode.cpp:213:30:[m[K [01;31m[Kerror: [m[K‘[01m[KCommPort::ProjectileRx_slow[m[K’ {aka ‘[01m[Kstruct CommPort::ProjectileRx_slow[m[K’} has no member named ‘[01m[Kfield_events[m[K’
[5.995s]   213 |         comm.rx_struct_slow_.[01;31m[Kfield_events[m[K[0];
[5.995s]       |                              [01;31m[K^~~~~~~~~~~~[m[K
[5.995s] [01m[K/home/orangepi/GM/nuc/GMaster_project/src/contact/src/ContactNode.cpp:215:30:[m[K [01;31m[Kerror: [m[K‘[01m[KCommPort::ProjectileRx_slow[m[K’ {aka ‘[01m[Kstruct CommPort::ProjectileRx_slow[m[K’} has no member named ‘[01m[Kfield_events[m[K’
[5.995s]   215 |         comm.rx_struct_slow_.[01;31m[Kfield_events[m[K[1];
[5.996s]       |                              [01;31m[K^~~~~~~~~~~~[m[K
[5.996s] [01m[K/home/orangepi/GM/nuc/GMaster_project/src/contact/src/ContactNode.cpp:217:30:[m[K [01;31m[Kerror: [m[K‘[01m[KCommPort::ProjectileRx_slow[m[K’ {aka ‘[01m[Kstruct CommPort::ProjectileRx_slow[m[K’} has no member named ‘[01m[Kfield_events[m[K’
[5.996s]   217 |         comm.rx_struct_slow_.[01;31m[Kfield_events[m[K[2];
[5.996s]       |                              [01;31m[K^~~~~~~~~~~~[m[K
[5.996s] [01m[K/home/orangepi/GM/nuc/GMaster_project/src/contact/src/ContactNode.cpp:219:30:[m[K [01;31m[Kerror: [m[K‘[01m[KCommPort::ProjectileRx_slow[m[K’ {aka ‘[01m[Kstruct CommPort::ProjectileRx_slow[m[K’} has no member named ‘[01m[Kfield_events[m[K’
[5.996s]   219 |         comm.rx_struct_slow_.[01;31m[Kfield_events[m[K[3];
[5.996s]       |                              [01;31m[K^~~~~~~~~~~~[m[K
[5.997s] [01m[K/home/orangepi/GM/nuc/GMaster_project/src/contact/src/ContactNode.cpp:221:30:[m[K [01;31m[Kerror: [m[K‘[01m[KCommPort::ProjectileRx_slow[m[K’ {aka ‘[01m[Kstruct CommPort::ProjectileRx_slow[m[K’} has no member named ‘[01m[Kfield_events[m[K’
[5.998s]   221 |         comm.rx_struct_slow_.[01;31m[Kfield_events[m[K[4];
[5.998s]       |                              [01;31m[K^~~~~~~~~~~~[m[K
[5.999s] [01m[K/home/orangepi/GM/nuc/GMaster_project/src/contact/src/ContactNode.cpp:223:30:[m[K [01;31m[Kerror: [m[K‘[01m[KCommPort::ProjectileRx_slow[m[K’ {aka ‘[01m[Kstruct CommPort::ProjectileRx_slow[m[K’} has no member named ‘[01m[Kfield_events[m[K’
[5.999s]   223 |         comm.rx_struct_slow_.[01;31m[Kfield_events[m[K[5];
[5.999s]       |                              [01;31m[K^~~~~~~~~~~~[m[K
[5.999s] [01m[K/home/orangepi/GM/nuc/GMaster_project/src/contact/src/ContactNode.cpp:225:30:[m[K [01;31m[Kerror: [m[K‘[01m[KCommPort::ProjectileRx_slow[m[K’ {aka ‘[01m[Kstruct CommPort::ProjectileRx_slow[m[K’} has no member named ‘[01m[Kfield_events[m[K’
[5.999s]   225 |         comm.rx_struct_slow_.[01;31m[Kfield_events[m[K[6];
[5.999s]       |                              [01;31m[K^~~~~~~~~~~~[m[K
[5.999s] [01m[K/home/orangepi/GM/nuc/GMaster_project/src/contact/src/ContactNode.cpp:227:30:[m[K [01;31m[Kerror: [m[K‘[01m[KCommPort::ProjectileRx_slow[m[K’ {aka ‘[01m[Kstruct CommPort::ProjectileRx_slow[m[K’} has no member named ‘[01m[Kfield_events[m[K’
[5.999s]   227 |         comm.rx_struct_slow_.[01;31m[Kfield_events[m[K[7];
[5.999s]       |                              [01;31m[K^~~~~~~~~~~~[m[K
[5.999s] [01m[K/home/orangepi/GM/nuc/GMaster_project/src/contact/src/ContactNode.cpp:229:30:[m[K [01;31m[Kerror: [m[K‘[01m[KCommPort::ProjectileRx_slow[m[K’ {aka ‘[01m[Kstruct CommPort::ProjectileRx_slow[m[K’} has no member named ‘[01m[Kfield_events[m[K’
[5.999s]   229 |         comm.rx_struct_slow_.[01;31m[Kfield_events[m[K[8];
[5.999s]       |                              [01;31m[K^~~~~~~~~~~~[m[K
[5.999s] [01m[K/home/orangepi/GM/nuc/GMaster_project/src/contact/src/ContactNode.cpp:230:62:[m[K [01;31m[Kerror: [m[K‘[01m[KCommPort::ProjectileRx_slow[m[K’ {aka ‘[01m[Kstruct CommPort::ProjectileRx_slow[m[K’} has no member named ‘[01m[Kfield_events[m[K’
[5.999s]   230 |     field_events_msgs.base_has_shield = comm.rx_struct_slow_.[01;31m[Kfield_events[m[K[9];
[5.999s]       |                                                              [01;31m[K^~~~~~~~~~~~[m[K
[6.000s] [01m[K/home/orangepi/GM/nuc/GMaster_project/src/contact/src/ContactNode.cpp:231:60:[m[K [01;31m[Kerror: [m[K‘[01m[KCommPort::ProjectileRx_slow[m[K’ {aka ‘[01m[Kstruct CommPort::ProjectileRx_slow[m[K’} has no member named ‘[01m[Kfield_events[m[K’
[6.001s]   231 |     field_events_msgs.outpost_alive = comm.rx_struct_slow_.[01;31m[Kfield_events[m[K[10];
[6.001s]       |                                                            [01;31m[K^~~~~~~~~~~~[m[K
[6.001s] [01m[K/home/orangepi/GM/nuc/GMaster_project/src/contact/src/ContactNode.cpp:237:55:[m[K [01;31m[Kerror: [m[K‘[01m[KCommPort::ProjectileRx_slow[m[K’ {aka ‘[01m[Kstruct CommPort::ProjectileRx_slow[m[K’} has no member named ‘[01m[Kgame_type[m[K’
[6.001s]   237 |     game_status_msgs.game_type = comm.rx_struct_slow_.[01;31m[Kgame_type[m[K;
[6.001s]       |                                                       [01;31m[K^~~~~~~~~[m[K
[6.001s] [01m[K/home/orangepi/GM/nuc/GMaster_project/src/contact/src/ContactNode.cpp:238:59:[m[K [01;31m[Kerror: [m[K‘[01m[KCommPort::ProjectileRx_slow[m[K’ {aka ‘[01m[Kstruct CommPort::ProjectileRx_slow[m[K’} has no member named ‘[01m[Kgame_progress[m[K’
[6.001s]   238 |     game_status_msgs.game_progress = comm.rx_struct_slow_.[01;31m[Kgame_progress[m[K;
[6.001s]       |                                                           [01;31m[K^~~~~~~~~~~~~[m[K
[6.001s] [01m[K/home/orangepi/GM/nuc/GMaster_project/src/contact/src/ContactNode.cpp:239:63:[m[K [01;31m[Kerror: [m[K‘[01m[KCommPort::ProjectileRx_slow[m[K’ {aka ‘[01m[Kstruct CommPort::ProjectileRx_slow[m[K’} has no member named ‘[01m[Kstate_remain_time[m[K’
[6.002s]   239 |     game_status_msgs.stage_remain_time = comm.rx_struct_slow_.[01;31m[Kstate_remain_time[m[K;
[6.002s]       |                                                               [01;31m[K^~~~~~~~~~~~~~~~~[m[K
[6.002s] [01m[K/home/orangepi/GM/nuc/GMaster_project/src/contact/src/ContactNode.cpp:240:61:[m[K [01;31m[Kerror: [m[K‘[01m[KCommPort::ProjectileRx_slow[m[K’ {aka ‘[01m[Kstruct CommPort::ProjectileRx_slow[m[K’} has no member named ‘[01m[Ksync_time_stamp[m[K’
[6.002s]   240 |     game_status_msgs.sync_time_stamp = comm.rx_struct_slow_.[01;31m[Ksync_time_stamp[m[K;
[6.002s]       |                                                             [01;31m[K^~~~~~~~~~~~~~~[m[K
[6.002s] In file included from [01m[K/opt/ros/humble/include/rclcpp/rclcpp/logging.hpp:24[m[K,
[6.002s]                  from [01m[K/opt/ros/humble/include/rclcpp/rclcpp/client.hpp:40[m[K,
[6.002s]                  from [01m[K/opt/ros/humble/include/rclcpp/rclcpp/callback_group.hpp:24[m[K,
[6.002s]                  from [01m[K/opt/ros/humble/include/rclcpp/rclcpp/any_executable.hpp:20[m[K,
[6.002s]                  from [01m[K/opt/ros/humble/include/rclcpp/rclcpp/memory_strategy.hpp:25[m[K,
[6.002s]                  from [01m[K/opt/ros/humble/include/rclcpp/rclcpp/memory_strategies.hpp:18[m[K,
[6.002s]                  from [01m[K/opt/ros/humble/include/rclcpp/rclcpp/executor_options.hpp:20[m[K,
[6.002s]                  from [01m[K/opt/ros/humble/include/rclcpp/rclcpp/executor.hpp:37[m[K,
[6.002s]                  from [01m[K/opt/ros/humble/include/rclcpp/rclcpp/executors/multi_threaded_executor.hpp:25[m[K,
[6.002s]                  from [01m[K/opt/ros/humble/include/rclcpp/rclcpp/executors.hpp:21[m[K,
[6.002s]                  from [01m[K/opt/ros/humble/include/rclcpp/rclcpp/rclcpp.hpp:155[m[K,
[6.002s]                  from [01m[K/home/orangepi/GM/nuc/GMaster_project/src/contact/src/ContactNode.cpp:8[m[K:
[6.003s] [01m[K/home/orangepi/GM/nuc/GMaster_project/src/contact/src/ContactNode.cpp:243:38:[m[K [01;31m[Kerror: [m[K‘[01m[KCommPort::ProjectileRx_slow[m[K’ {aka ‘[01m[Kstruct CommPort::ProjectileRx_slow[m[K’} has no member named ‘[01m[Kgame_type[m[K’
[6.003s]   243 |                 comm.rx_struct_slow_.[01;31m[Kgame_type[m[K,
[6.003s]       |                                      [01;31m[K^~~~~~~~~[m[K
[6.003s] [01m[K/home/orangepi/GM/nuc/GMaster_project/src/contact/src/ContactNode.cpp:244:38:[m[K [01;31m[Kerror: [m[K‘[01m[KCommPort::ProjectileRx_slow[m[K’ {aka ‘[01m[Kstruct CommPort::ProjectileRx_slow[m[K’} has no member named ‘[01m[Kgame_progress[m[K’
[6.003s]   244 |                 comm.rx_struct_slow_.[01;31m[Kgame_progress[m[K,
[6.003s]       |                                      [01;31m[K^~~~~~~~~~~~~[m[K
[6.003s] [01m[K/home/orangepi/GM/nuc/GMaster_project/src/contact/src/ContactNode.cpp:245:38:[m[K [01;31m[Kerror: [m[K‘[01m[KCommPort::ProjectileRx_slow[m[K’ {aka ‘[01m[Kstruct CommPort::ProjectileRx_slow[m[K’} has no member named ‘[01m[Kstate_remain_time[m[K’
[6.003s]   245 |                 comm.rx_struct_slow_.[01;31m[Kstate_remain_time[m[K);
[6.003s]       |                                      [01;31m[K^~~~~~~~~~~~~~~~~[m[K
[6.003s] [01m[K/home/orangepi/GM/nuc/GMaster_project/src/contact/src/ContactNode.cpp:249:52:[m[K [01;31m[Kerror: [m[K‘[01m[KCommPort::ProjectileRx_slow[m[K’ {aka ‘[01m[Kstruct CommPort::ProjectileRx_slow[m[K’} has no member named ‘[01m[Kwinner[m[K’
[6.003s]   249 |     game_result_msgs.winner = comm.rx_struct_slow_.[01;31m[Kwinner[m[K;
[6.003s]       |                                                    [01;31m[K^~~~~~[m[K
[6.003s] In file included from [01m[K/opt/ros/humble/include/rclcpp/rclcpp/logging.hpp:24[m[K,
[6.003s]                  from [01m[K/opt/ros/humble/include/rclcpp/rclcpp/client.hpp:40[m[K,
[6.003s]                  from [01m[K/opt/ros/humble/include/rclcpp/rclcpp/callback_group.hpp:24[m[K,
[6.003s]                  from [01m[K/opt/ros/humble/include/rclcpp/rclcpp/any_executable.hpp:20[m[K,
[6.004s]                  from [01m[K/opt/ros/humble/include/rclcpp/rclcpp/memory_strategy.hpp:25[m[K,
[6.004s]                  from [01m[K/opt/ros/humble/include/rclcpp/rclcpp/memory_strategies.hpp:18[m[K,
[6.004s]                  from [01m[K/opt/ros/humble/include/rclcpp/rclcpp/executor_options.hpp:20[m[K,
[6.004s]                  from [01m[K/opt/ros/humble/include/rclcpp/rclcpp/executor.hpp:37[m[K,
[6.004s]                  from [01m[K/opt/ros/humble/include/rclcpp/rclcpp/executors/multi_threaded_executor.hpp:25[m[K,
[6.004s]                  from [01m[K/opt/ros/humble/include/rclcpp/rclcpp/executors.hpp:21[m[K,
[6.004s]                  from [01m[K/opt/ros/humble/include/rclcpp/rclcpp/rclcpp.hpp:155[m[K,
[6.004s]                  from [01m[K/home/orangepi/GM/nuc/GMaster_project/src/contact/src/ContactNode.cpp:8[m[K:
[6.004s] [01m[K/home/orangepi/GM/nuc/GMaster_project/src/contact/src/ContactNode.cpp:252:38:[m[K [01;31m[Kerror: [m[K‘[01m[KCommPort::ProjectileRx_slow[m[K’ {aka ‘[01m[Kstruct CommPort::ProjectileRx_slow[m[K’} has no member named ‘[01m[Kwinner[m[K’
[6.004s]   252 |                 comm.rx_struct_slow_.[01;31m[Kwinner[m[K);
[6.004s]       |                                      [01;31m[K^~~~~~[m[K
[6.004s] [01m[K/home/orangepi/GM/nuc/GMaster_project/src/contact/src/ContactNode.cpp:257:30:[m[K [01;31m[Kerror: [m[K‘[01m[KCommPort::ProjectileRx_slow[m[K’ {aka ‘[01m[Kstruct CommPort::ProjectileRx_slow[m[K’} has no member named ‘[01m[Krobot_buffs[m[K’
[6.004s]   257 |         comm.rx_struct_slow_.[01;31m[Krobot_buffs[m[K[0];
[6.004s]       |                              [01;31m[K^~~~~~~~~~~[m[K
[6.004s] [01m[K/home/orangepi/GM/nuc/GMaster_project/src/contact/src/ContactNode.cpp:259:30:[m[K [01;31m[Kerror: [m[K‘[01m[KCommPort::ProjectileRx_slow[m[K’ {aka ‘[01m[Kstruct CommPort::ProjectileRx_slow[m[K’} has no member named ‘[01m[Krobot_buffs[m[K’
[6.004s]   259 |         comm.rx_struct_slow_.[01;31m[Krobot_buffs[m[K[1];
[6.004s]       |                              [01;31m[K^~~~~~~~~~~[m[K
[6.005s] [01m[K/home/orangepi/GM/nuc/GMaster_project/src/contact/src/ContactNode.cpp:260:65:[m[K [01;31m[Kerror: [m[K‘[01m[KCommPort::ProjectileRx_slow[m[K’ {aka ‘[01m[Kstruct CommPort::ProjectileRx_slow[m[K’} has no member named ‘[01m[Krobot_buffs[m[K’
[6.005s]   260 |     robot_buffs_msgs.robot_defense_bonus = comm.rx_struct_slow_.[01;31m[Krobot_buffs[m[K[2];
[6.005s]       |                                                                 [01;31m[K^~~~~~~~~~~[m[K
[6.005s] [01m[K/home/orangepi/GM/nuc/GMaster_project/src/contact/src/ContactNode.cpp:261:64:[m[K [01;31m[Kerror: [m[K‘[01m[KCommPort::ProjectileRx_slow[m[K’ {aka ‘[01m[Kstruct CommPort::ProjectileRx_slow[m[K’} has no member named ‘[01m[Krobot_buffs[m[K’
[6.005s]   261 |     robot_buffs_msgs.robot_attack_bonus = comm.rx_struct_slow_.[01;31m[Krobot_buffs[m[K[3];
[6.005s]       |                                                                [01;31m[K^~~~~~~~~~~[m[K
[6.005s] In file included from [01m[K/opt/ros/humble/include/rclcpp/rclcpp/logging.hpp:24[m[K,
[6.005s]                  from [01m[K/opt/ros/humble/include/rclcpp/rclcpp/client.hpp:40[m[K,
[6.005s]                  from [01m[K/opt/ros/humble/include/rclcpp/rclcpp/callback_group.hpp:24[m[K,
[6.005s]                  from [01m[K/opt/ros/humble/include/rclcpp/rclcpp/any_executable.hpp:20[m[K,
[6.005s]                  from [01m[K/opt/ros/humble/include/rclcpp/rclcpp/memory_strategy.hpp:25[m[K,
[6.005s]                  from [01m[K/opt/ros/humble/include/rclcpp/rclcpp/memory_strategies.hpp:18[m[K,
[6.005s]                  from [01m[K/opt/ros/humble/include/rclcpp/rclcpp/executor_options.hpp:20[m[K,
[6.005s]                  from [01m[K/opt/ros/humble/include/rclcpp/rclcpp/executor.hpp:37[m[K,
[6.006s]                  from [01m[K/opt/ros/humble/include/rclcpp/rclcpp/executors/multi_threaded_executor.hpp:25[m[K,
[6.006s]                  from [01m[K/opt/ros/humble/include/rclcpp/rclcpp/executors.hpp:21[m[K,
[6.006s]                  from [01m[K/opt/ros/humble/include/rclcpp/rclcpp/rclcpp.hpp:155[m[K,
[6.006s]                  from [01m[K/home/orangepi/GM/nuc/GMaster_project/src/contact/src/ContactNode.cpp:8[m[K:
[6.006s] [01m[K/home/orangepi/GM/nuc/GMaster_project/src/contact/src/ContactNode.cpp:263:38:[m[K [01;31m[Kerror: [m[K‘[01m[KCommPort::ProjectileRx_slow[m[K’ {aka ‘[01m[Kstruct CommPort::ProjectileRx_slow[m[K’} has no member named ‘[01m[Krobot_buffs[m[K’
[6.006s]   263 |                 comm.rx_struct_slow_.[01;31m[Krobot_buffs[m[K[0],
[6.006s]       |                                      [01;31m[K^~~~~~~~~~~[m[K
[6.006s] [01m[K/home/orangepi/GM/nuc/GMaster_project/src/contact/src/ContactNode.cpp:264:38:[m[K [01;31m[Kerror: [m[K‘[01m[KCommPort::ProjectileRx_slow[m[K’ {aka ‘[01m[Kstruct CommPort::ProjectileRx_slow[m[K’} has no member named ‘[01m[Krobot_buffs[m[K’
[6.006s]   264 |                 comm.rx_struct_slow_.[01;31m[Krobot_buffs[m[K[1],
[6.006s]       |                                      [01;31m[K^~~~~~~~~~~[m[K
[6.006s] [01m[K/home/orangepi/GM/nuc/GMaster_project/src/contact/src/ContactNode.cpp:265:38:[m[K [01;31m[Kerror: [m[K‘[01m[KCommPort::ProjectileRx_slow[m[K’ {aka ‘[01m[Kstruct CommPort::ProjectileRx_slow[m[K’} has no member named ‘[01m[Krobot_buffs[m[K’
[6.006s]   265 |                 comm.rx_struct_slow_.[01;31m[Krobot_buffs[m[K[2],
[6.006s]       |                                      [01;31m[K^~~~~~~~~~~[m[K
[6.006s] [01m[K/home/orangepi/GM/nuc/GMaster_project/src/contact/src/ContactNode.cpp:266:38:[m[K [01;31m[Kerror: [m[K‘[01m[KCommPort::ProjectileRx_slow[m[K’ {aka ‘[01m[Kstruct CommPort::ProjectileRx_slow[m[K’} has no member named ‘[01m[Krobot_buffs[m[K’
[6.006s]   266 |                 comm.rx_struct_slow_.[01;31m[Krobot_buffs[m[K[3]);
[6.007s]       |                                      [01;31m[K^~~~~~~~~~~[m[K
[6.007s] [01m[K/home/orangepi/GM/nuc/GMaster_project/src/contact/src/ContactNode.cpp:270:50:[m[K [01;31m[Kerror: [m[K‘[01m[KCommPort::ProjectileRx_slow[m[K’ {aka ‘[01m[Kstruct CommPort::ProjectileRx_slow[m[K’} has no member named ‘[01m[Krobot_position[m[K’
[6.007s]   270 |     robot_position_msgs.x = comm.rx_struct_slow_.[01;31m[Krobot_position[m[K[0];
[6.007s]       |                                                  [01;31m[K^~~~~~~~~~~~~~[m[K
[6.007s] [01m[K/home/orangepi/GM/nuc/GMaster_project/src/contact/src/ContactNode.cpp:271:50:[m[K [01;31m[Kerror: [m[K‘[01m[KCommPort::ProjectileRx_slow[m[K’ {aka ‘[01m[Kstruct CommPort::ProjectileRx_slow[m[K’} has no member named ‘[01m[Krobot_position[m[K’
[6.007s]   271 |     robot_position_msgs.y = comm.rx_struct_slow_.[01;31m[Krobot_position[m[K[1];
[6.007s]       |                                                  [01;31m[K^~~~~~~~~~~~~~[m[K
[6.007s] [01m[K/home/orangepi/GM/nuc/GMaster_project/src/contact/src/ContactNode.cpp:272:50:[m[K [01;31m[Kerror: [m[K‘[01m[KCommPort::ProjectileRx_slow[m[K’ {aka ‘[01m[Kstruct CommPort::ProjectileRx_slow[m[K’} has no member named ‘[01m[Krobot_position[m[K’
[6.007s]   272 |     robot_position_msgs.z = comm.rx_struct_slow_.[01;31m[Krobot_position[m[K[2];
[6.007s]       |                                                  [01;31m[K^~~~~~~~~~~~~~[m[K
[6.007s] [01m[K/home/orangepi/GM/nuc/GMaster_project/src/contact/src/ContactNode.cpp:273:52:[m[K [01;31m[Kerror: [m[K‘[01m[KCommPort::ProjectileRx_slow[m[K’ {aka ‘[01m[Kstruct CommPort::ProjectileRx_slow[m[K’} has no member named ‘[01m[Krobot_position[m[K’
[6.007s]   273 |     robot_position_msgs.yaw = comm.rx_struct_slow_.[01;31m[Krobot_position[m[K[3];
[6.007s]       |                                                    [01;31m[K^~~~~~~~~~~~~~[m[K
[6.007s] In file included from [01m[K/opt/ros/humble/include/rclcpp/rclcpp/logging.hpp:24[m[K,
[6.007s]                  from [01m[K/opt/ros/humble/include/rclcpp/rclcpp/client.hpp:40[m[K,
[6.007s]                  from [01m[K/opt/ros/humble/include/rclcpp/rclcpp/callback_group.hpp:24[m[K,
[6.008s]                  from [01m[K/opt/ros/humble/include/rclcpp/rclcpp/any_executable.hpp:20[m[K,
[6.008s]                  from [01m[K/opt/ros/humble/include/rclcpp/rclcpp/memory_strategy.hpp:25[m[K,
[6.008s]                  from [01m[K/opt/ros/humble/include/rclcpp/rclcpp/memory_strategies.hpp:18[m[K,
[6.008s]                  from [01m[K/opt/ros/humble/include/rclcpp/rclcpp/executor_options.hpp:20[m[K,
[6.008s]                  from [01m[K/opt/ros/humble/include/rclcpp/rclcpp/executor.hpp:37[m[K,
[6.008s]                  from [01m[K/opt/ros/humble/include/rclcpp/rclcpp/executors/multi_threaded_executor.hpp:25[m[K,
[6.008s]                  from [01m[K/opt/ros/humble/include/rclcpp/rclcpp/executors.hpp:21[m[K,
[6.008s]                  from [01m[K/opt/ros/humble/include/rclcpp/rclcpp/rclcpp.hpp:155[m[K,
[6.008s]                  from [01m[K/home/orangepi/GM/nuc/GMaster_project/src/contact/src/ContactNode.cpp:8[m[K:
[6.008s] [01m[K/home/orangepi/GM/nuc/GMaster_project/src/contact/src/ContactNode.cpp:277:38:[m[K [01;31m[Kerror: [m[K‘[01m[KCommPort::ProjectileRx_slow[m[K’ {aka ‘[01m[Kstruct CommPort::ProjectileRx_slow[m[K’} has no member named ‘[01m[Krobot_position[m[K’
[6.008s]   277 |                 comm.rx_struct_slow_.[01;31m[Krobot_position[m[K[0],
[6.008s]       |                                      [01;31m[K^~~~~~~~~~~~~~[m[K
[6.008s] [01m[K/home/orangepi/GM/nuc/GMaster_project/src/contact/src/ContactNode.cpp:278:38:[m[K [01;31m[Kerror: [m[K‘[01m[KCommPort::ProjectileRx_slow[m[K’ {aka ‘[01m[Kstruct CommPort::ProjectileRx_slow[m[K’} has no member named ‘[01m[Krobot_position[m[K’
[6.008s]   278 |                 comm.rx_struct_slow_.[01;31m[Krobot_position[m[K[1],
[6.008s]       |                                      [01;31m[K^~~~~~~~~~~~~~[m[K
[6.008s] [01m[K/home/orangepi/GM/nuc/GMaster_project/src/contact/src/ContactNode.cpp:279:38:[m[K [01;31m[Kerror: [m[K‘[01m[KCommPort::ProjectileRx_slow[m[K’ {aka ‘[01m[Kstruct CommPort::ProjectileRx_slow[m[K’} has no member named ‘[01m[Krobot_position[m[K’
[6.009s]   279 |                 comm.rx_struct_slow_.[01;31m[Krobot_position[m[K[2],
[6.009s]       |                                      [01;31m[K^~~~~~~~~~~~~~[m[K
[6.009s] [01m[K/home/orangepi/GM/nuc/GMaster_project/src/contact/src/ContactNode.cpp:280:38:[m[K [01;31m[Kerror: [m[K‘[01m[KCommPort::ProjectileRx_slow[m[K’ {aka ‘[01m[Kstruct CommPort::ProjectileRx_slow[m[K’} has no member named ‘[01m[Krobot_position[m[K’
[6.009s]   280 |                 comm.rx_struct_slow_.[01;31m[Krobot_position[m[K[3]);
[6.009s]       |                                      [01;31m[K^~~~~~~~~~~~~~[m[K
[6.009s] [01m[K/home/orangepi/GM/nuc/GMaster_project/src/contact/src/ContactNode.cpp:284:55:[m[K [01;31m[Kerror: [m[K‘[01m[KCommPort::ProjectileRx_slow[m[K’ {aka ‘[01m[Kstruct CommPort::ProjectileRx_slow[m[K’} has no member named ‘[01m[Krobot_status_0[m[K’
[6.009s]   284 |     robot_status_msgs.robot_id = comm.rx_struct_slow_.[01;31m[Krobot_status_0[m[K[0];
[6.009s]       |                                                       [01;31m[K^~~~~~~~~~~~~~[m[K
[6.009s] [01m[K/home/orangepi/GM/nuc/GMaster_project/src/contact/src/ContactNode.cpp:285:58:[m[K [01;31m[Kerror: [m[K‘[01m[KCommPort::ProjectileRx_slow[m[K’ {aka ‘[01m[Kstruct CommPort::ProjectileRx_slow[m[K’} has no member named ‘[01m[Krobot_status_0[m[K’
[6.009s]   285 |     robot_status_msgs.robot_level = comm.rx_struct_slow_.[01;31m[Krobot_status_0[m[K[1];
[6.009s]       |                                                          [01;31m[K^~~~~~~~~~~~~~[m[K
[6.009s] [01m[K/home/orangepi/GM/nuc/GMaster_project/src/contact/src/ContactNode.cpp:286:56:[m[K [01;31m[Kerror: [m[K‘[01m[KCommPort::ProjectileRx_slow[m[K’ {aka ‘[01m[Kstruct CommPort::ProjectileRx_slow[m[K’} has no member named ‘[01m[Krobot_status_1[m[K’
[6.009s]   286 |     robot_status_msgs.remain_hp = comm.rx_struct_slow_.[01;31m[Krobot_status_1[m[K[0];
[6.009s]       |                                                        [01;31m[K^~~~~~~~~~~~~~[m[K
[6.009s] [01m[K/home/orangepi/GM/nuc/GMaster_project/src/contact/src/ContactNode.cpp:287:53:[m[K [01;31m[Kerror: [m[K‘[01m[KCommPort::ProjectileRx_slow[m[K’ {aka ‘[01m[Kstruct CommPort::ProjectileRx_slow[m[K’} has no member named ‘[01m[Krobot_status_1[m[K’
[6.009s]   287 |     robot_status_msgs.max_hp = comm.rx_struct_slow_.[01;31m[Krobot_status_1[m[K[1];
[6.010s]       |                                                     [01;31m[K^~~~~~~~~~~~~~[m[K
[6.010s] [01m[K/home/orangepi/GM/nuc/GMaster_project/src/contact/src/ContactNode.cpp:289:30:[m[K [01;31m[Kerror: [m[K‘[01m[KCommPort::ProjectileRx_slow[m[K’ {aka ‘[01m[Kstruct CommPort::ProjectileRx_slow[m[K’} has no member named ‘[01m[Krobot_status_1[m[K’
[6.010s]   289 |         comm.rx_struct_slow_.[01;31m[Krobot_status_1[m[K[2];
[6.010s]       |                              [01;31m[K^~~~~~~~~~~~~~[m[K
[6.010s] [01m[K/home/orangepi/GM/nuc/GMaster_project/src/contact/src/ContactNode.cpp:291:30:[m[K [01;31m[Kerror: [m[K‘[01m[KCommPort::ProjectileRx_slow[m[K’ {aka ‘[01m[Kstruct CommPort::ProjectileRx_slow[m[K’} has no member named ‘[01m[Krobot_status_1[m[K’
[6.010s]   291 |         comm.rx_struct_slow_.[01;31m[Krobot_status_1[m[K[3];
[6.010s]       |                              [01;31m[K^~~~~~~~~~~~~~[m[K
[6.010s] [01m[K/home/orangepi/GM/nuc/GMaster_project/src/contact/src/ContactNode.cpp:293:30:[m[K [01;31m[Kerror: [m[K‘[01m[KCommPort::ProjectileRx_slow[m[K’ {aka ‘[01m[Kstruct CommPort::ProjectileRx_slow[m[K’} has no member named ‘[01m[Krobot_status_1[m[K’
[6.010s]   293 |         comm.rx_struct_slow_.[01;31m[Krobot_status_1[m[K[4];
[6.010s]       |                              [01;31m[K^~~~~~~~~~~~~~[m[K
[6.010s] [01m[K/home/orangepi/GM/nuc/GMaster_project/src/contact/src/ContactNode.cpp:295:30:[m[K [01;31m[Kerror: [m[K‘[01m[KCommPort::ProjectileRx_slow[m[K’ {aka ‘[01m[Kstruct CommPort::ProjectileRx_slow[m[K’} has no member named ‘[01m[Krobot_status_1[m[K’
[6.010s]   295 |         comm.rx_struct_slow_.[01;31m[Krobot_status_1[m[K[5];
[6.010s]       |                              [01;31m[K^~~~~~~~~~~~~~[m[K
[6.010s] [01m[K/home/orangepi/GM/nuc/GMaster_project/src/contact/src/ContactNode.cpp:297:30:[m[K [01;31m[Kerror: [m[K‘[01m[KCommPort::ProjectileRx_slow[m[K’ {aka ‘[01m[Kstruct CommPort::ProjectileRx_slow[m[K’} has no member named ‘[01m[Krobot_status_1[m[K’
[6.010s]   297 |         comm.rx_struct_slow_.[01;31m[Krobot_status_1[m[K[6];
[6.010s]       |                              [01;31m[K^~~~~~~~~~~~~~[m[K
[6.011s] [01m[K/home/orangepi/GM/nuc/GMaster_project/src/contact/src/ContactNode.cpp:299:30:[m[K [01;31m[Kerror: [m[K‘[01m[KCommPort::ProjectileRx_slow[m[K’ {aka ‘[01m[Kstruct CommPort::ProjectileRx_slow[m[K’} has no member named ‘[01m[Krobot_status_1[m[K’
[6.011s]   299 |         comm.rx_struct_slow_.[01;31m[Krobot_status_1[m[K[7];
[6.011s]       |                              [01;31m[K^~~~~~~~~~~~~~[m[K
[6.011s] [01m[K/home/orangepi/GM/nuc/GMaster_project/src/contact/src/ContactNode.cpp:301:30:[m[K [01;31m[Kerror: [m[K‘[01m[KCommPort::ProjectileRx_slow[m[K’ {aka ‘[01m[Kstruct CommPort::ProjectileRx_slow[m[K’} has no member named ‘[01m[Krobot_status_1[m[K’
[6.011s]   301 |         comm.rx_struct_slow_.[01;31m[Krobot_status_1[m[K[11];
[6.011s]       |                              [01;31m[K^~~~~~~~~~~~~~[m[K
[6.011s] [01m[K/home/orangepi/GM/nuc/GMaster_project/src/contact/src/ContactNode.cpp:303:30:[m[K [01;31m[Kerror: [m[K‘[01m[KCommPort::ProjectileRx_slow[m[K’ {aka ‘[01m[Kstruct CommPort::ProjectileRx_slow[m[K’} has no member named ‘[01m[Krobot_status_1[m[K’
[6.011s]   303 |         comm.rx_struct_slow_.[01;31m[Krobot_status_1[m[K[12];
[6.011s]       |                              [01;31m[K^~~~~~~~~~~~~~[m[K
[6.011s] [01m[K/home/orangepi/GM/nuc/GMaster_project/src/contact/src/ContactNode.cpp:305:30:[m[K [01;31m[Kerror: [m[K‘[01m[KCommPort::ProjectileRx_slow[m[K’ {aka ‘[01m[Kstruct CommPort::ProjectileRx_slow[m[K’} has no member named ‘[01m[Krobot_status_1[m[K’
[6.011s]   305 |         comm.rx_struct_slow_.[01;31m[Krobot_status_1[m[K[13];
[6.011s]       |                              [01;31m[K^~~~~~~~~~~~~~[m[K
[6.011s] [01m[K/home/orangepi/GM/nuc/GMaster_project/src/contact/src/ContactNode.cpp:307:30:[m[K [01;31m[Kerror: [m[K‘[01m[KCommPort::ProjectileRx_slow[m[K’ {aka ‘[01m[Kstruct CommPort::ProjectileRx_slow[m[K’} has no member named ‘[01m[Krobot_status_1[m[K’
[6.011s]   307 |         comm.rx_struct_slow_.[01;31m[Krobot_status_1[m[K[14];
[6.011s]       |                              [01;31m[K^~~~~~~~~~~~~~[m[K
[6.012s] [01m[K/home/orangepi/GM/nuc/GMaster_project/src/contact/src/ContactNode.cpp:312:30:[m[K [01;31m[Kerror: [m[K‘[01m[KCommPort::ProjectileRx_slow[m[K’ {aka ‘[01m[Kstruct CommPort::ProjectileRx_slow[m[K’} has no member named ‘[01m[Kcommand_target_position[m[K’
[6.012s]   312 |         comm.rx_struct_slow_.[01;31m[Kcommand_target_position[m[K[0];
[6.012s]       |                              [01;31m[K^~~~~~~~~~~~~~~~~~~~~~~[m[K
[6.012s] [01m[K/home/orangepi/GM/nuc/GMaster_project/src/contact/src/ContactNode.cpp:314:30:[m[K [01;31m[Kerror: [m[K‘[01m[KCommPort::ProjectileRx_slow[m[K’ {aka ‘[01m[Kstruct CommPort::ProjectileRx_slow[m[K’} has no member named ‘[01m[Kcommand_target_position[m[K’
[6.012s]   314 |         comm.rx_struct_slow_.[01;31m[Kcommand_target_position[m[K[1];
[6.012s]       |                              [01;31m[K^~~~~~~~~~~~~~~~~~~~~~~[m[K
[6.012s] [01m[K/home/orangepi/GM/nuc/GMaster_project/src/contact/src/ContactNode.cpp:316:30:[m[K [01;31m[Kerror: [m[K‘[01m[KCommPort::ProjectileRx_slow[m[K’ {aka ‘[01m[Kstruct CommPort::ProjectileRx_slow[m[K’} has no member named ‘[01m[Kcommand_target_position[m[K’
[6.012s]   316 |         comm.rx_struct_slow_.[01;31m[Kcommand_target_position[m[K[2];
[6.012s]       |                              [01;31m[K^~~~~~~~~~~~~~~~~~~~~~~[m[K
[6.012s] [01m[K/home/orangepi/GM/nuc/GMaster_project/src/contact/src/ContactNode.cpp:318:30:[m[K [01;31m[Kerror: [m[K‘[01m[KCommPort::ProjectileRx_slow[m[K’ {aka ‘[01m[Kstruct CommPort::ProjectileRx_slow[m[K’} has no member named ‘[01m[Kkeyboard_key_pressed[m[K’
[6.012s]   318 |         comm.rx_struct_slow_.[01;31m[Kkeyboard_key_pressed[m[K;
[6.012s]       |                              [01;31m[K^~~~~~~~~~~~~~~~~~~~[m[K
[6.012s] [01m[K/home/orangepi/GM/nuc/GMaster_project/src/contact/src/ContactNode.cpp:320:30:[m[K [01;31m[Kerror: [m[K‘[01m[KCommPort::ProjectileRx_slow[m[K’ {aka ‘[01m[Kstruct CommPort::ProjectileRx_slow[m[K’} has no member named ‘[01m[Kcommand_target_robot_id[m[K’
[6.012s]   320 |         comm.rx_struct_slow_.[01;31m[Kcommand_target_robot_id[m[K;
[6.012s]       |                              [01;31m[K^~~~~~~~~~~~~~~~~~~~~~~[m[K
[6.012s] In file included from [01m[K/opt/ros/humble/include/rclcpp/rclcpp/logging.hpp:24[m[K,
[6.012s]                  from [01m[K/opt/ros/humble/include/rclcpp/rclcpp/client.hpp:40[m[K,
[6.013s]                  from [01m[K/opt/ros/humble/include/rclcpp/rclcpp/callback_group.hpp:24[m[K,
[6.013s]                  from [01m[K/opt/ros/humble/include/rclcpp/rclcpp/any_executable.hpp:20[m[K,
[6.013s]                  from [01m[K/opt/ros/humble/include/rclcpp/rclcpp/memory_strategy.hpp:25[m[K,
[6.013s]                  from [01m[K/opt/ros/humble/include/rclcpp/rclcpp/memory_strategies.hpp:18[m[K,
[6.013s]                  from [01m[K/opt/ros/humble/include/rclcpp/rclcpp/executor_options.hpp:20[m[K,
[6.013s]                  from [01m[K/opt/ros/humble/include/rclcpp/rclcpp/executor.hpp:37[m[K,
[6.013s]                  from [01m[K/opt/ros/humble/include/rclcpp/rclcpp/executors/multi_threaded_executor.hpp:25[m[K,
[6.013s]                  from [01m[K/opt/ros/humble/include/rclcpp/rclcpp/executors.hpp:21[m[K,
[6.013s]                  from [01m[K/opt/ros/humble/include/rclcpp/rclcpp/rclcpp.hpp:155[m[K,
[6.013s]                  from [01m[K/home/orangepi/GM/nuc/GMaster_project/src/contact/src/ContactNode.cpp:8[m[K:
[6.013s] [01m[K/home/orangepi/GM/nuc/GMaster_project/src/contact/src/ContactNode.cpp:324:38:[m[K [01;31m[Kerror: [m[K‘[01m[KCommPort::ProjectileRx_slow[m[K’ {aka ‘[01m[Kstruct CommPort::ProjectileRx_slow[m[K’} has no member named ‘[01m[Kcommand_target_position[m[K’
[6.013s]   324 |                 comm.rx_struct_slow_.[01;31m[Kcommand_target_position[m[K[0],
[6.013s]       |                                      [01;31m[K^~~~~~~~~~~~~~~~~~~~~~~[m[K
[6.013s] [01m[K/home/orangepi/GM/nuc/GMaster_project/src/contact/src/ContactNode.cpp:325:38:[m[K [01;31m[Kerror: [m[K‘[01m[KCommPort::ProjectileRx_slow[m[K’ {aka ‘[01m[Kstruct CommPort::ProjectileRx_slow[m[K’} has no member named ‘[01m[Kcommand_target_position[m[K’
[6.013s]   325 |                 comm.rx_struct_slow_.[01;31m[Kcommand_target_position[m[K[1],
[6.013s]       |                                      [01;31m[K^~~~~~~~~~~~~~~~~~~~~~~[m[K
[6.014s] [01m[K/home/orangepi/GM/nuc/GMaster_project/src/contact/src/ContactNode.cpp:326:38:[m[K [01;31m[Kerror: [m[K‘[01m[KCommPort::ProjectileRx_slow[m[K’ {aka ‘[01m[Kstruct CommPort::ProjectileRx_slow[m[K’} has no member named ‘[01m[Kcommand_target_position[m[K’
[6.014s]   326 |                 comm.rx_struct_slow_.[01;31m[Kcommand_target_position[m[K[2],
[6.014s]       |                                      [01;31m[K^~~~~~~~~~~~~~~~~~~~~~~[m[K
[6.014s] [01m[K/home/orangepi/GM/nuc/GMaster_project/src/contact/src/ContactNode.cpp:327:38:[m[K [01;31m[Kerror: [m[K‘[01m[KCommPort::ProjectileRx_slow[m[K’ {aka ‘[01m[Kstruct CommPort::ProjectileRx_slow[m[K’} has no member named ‘[01m[Kkeyboard_key_pressed[m[K’
[6.014s]   327 |                 comm.rx_struct_slow_.[01;31m[Kkeyboard_key_pressed[m[K,
[6.014s]       |                                      [01;31m[K^~~~~~~~~~~~~~~~~~~~[m[K
[6.014s] [01m[K/home/orangepi/GM/nuc/GMaster_project/src/contact/src/ContactNode.cpp:328:38:[m[K [01;31m[Kerror: [m[K‘[01m[KCommPort::ProjectileRx_slow[m[K’ {aka ‘[01m[Kstruct CommPort::ProjectileRx_slow[m[K’} has no member named ‘[01m[Kcommand_target_robot_id[m[K’
[6.014s]   328 |                 comm.rx_struct_slow_.[01;31m[Kcommand_target_robot_id[m[K);
[6.014s]       |                                      [01;31m[K^~~~~~~~~~~~~~~~~~~~~~~[m[K
[6.014s] [01m[K/home/orangepi/GM/nuc/GMaster_project/src/contact/src/ContactNode.cpp:333:30:[m[K [01;31m[Kerror: [m[K‘[01m[KCommPort::ProjectileRx_slow[m[K’ {aka ‘[01m[Kstruct CommPort::ProjectileRx_slow[m[K’} has no member named ‘[01m[Kreceive_target_position[m[K’
[6.014s]   333 |         comm.rx_struct_slow_.[01;31m[Kreceive_target_position[m[K[0];
[6.014s]       |                              [01;31m[K^~~~~~~~~~~~~~~~~~~~~~~[m[K
[6.014s] [01m[K/home/orangepi/GM/nuc/GMaster_project/src/contact/src/ContactNode.cpp:335:30:[m[K [01;31m[Kerror: [m[K‘[01m[KCommPort::ProjectileRx_slow[m[K’ {aka ‘[01m[Kstruct CommPort::ProjectileRx_slow[m[K’} has no member named ‘[01m[Kreceive_target_position[m[K’
[6.014s]   335 |         comm.rx_struct_slow_.[01;31m[Kreceive_target_position[m[K[1];
[6.014s]       |                              [01;31m[K^~~~~~~~~~~~~~~~~~~~~~~[m[K
[6.014s] [01m[K/home/orangepi/GM/nuc/GMaster_project/src/contact/src/ContactNode.cpp:337:30:[m[K [01;31m[Kerror: [m[K‘[01m[KCommPort::ProjectileRx_slow[m[K’ {aka ‘[01m[Kstruct CommPort::ProjectileRx_slow[m[K’} has no member named ‘[01m[Kreceive_target_robot_id[m[K’
[6.014s]   337 |         comm.rx_struct_slow_.[01;31m[Kreceive_target_robot_id[m[K;
[6.015s]       |                              [01;31m[K^~~~~~~~~~~~~~~~~~~~~~~[m[K
[6.015s] In file included from [01m[K/opt/ros/humble/include/rclcpp/rclcpp/logging.hpp:24[m[K,
[6.015s]                  from [01m[K/opt/ros/humble/include/rclcpp/rclcpp/client.hpp:40[m[K,
[6.015s]                  from [01m[K/opt/ros/humble/include/rclcpp/rclcpp/callback_group.hpp:24[m[K,
[6.015s]                  from [01m[K/opt/ros/humble/include/rclcpp/rclcpp/any_executable.hpp:20[m[K,
[6.015s]                  from [01m[K/opt/ros/humble/include/rclcpp/rclcpp/memory_strategy.hpp:25[m[K,
[6.015s]                  from [01m[K/opt/ros/humble/include/rclcpp/rclcpp/memory_strategies.hpp:18[m[K,
[6.015s]                  from [01m[K/opt/ros/humble/include/rclcpp/rclcpp/executor_options.hpp:20[m[K,
[6.015s]                  from [01m[K/opt/ros/humble/include/rclcpp/rclcpp/executor.hpp:37[m[K,
[6.015s]                  from [01m[K/opt/ros/humble/include/rclcpp/rclcpp/executors/multi_threaded_executor.hpp:25[m[K,
[6.015s]                  from [01m[K/opt/ros/humble/include/rclcpp/rclcpp/executors.hpp:21[m[K,
[6.015s]                  from [01m[K/opt/ros/humble/include/rclcpp/rclcpp/rclcpp.hpp:155[m[K,
[6.015s]                  from [01m[K/home/orangepi/GM/nuc/GMaster_project/src/contact/src/ContactNode.cpp:8[m[K:
[6.015s] [01m[K/home/orangepi/GM/nuc/GMaster_project/src/contact/src/ContactNode.cpp:340:38:[m[K [01;31m[Kerror: [m[K‘[01m[KCommPort::ProjectileRx_slow[m[K’ {aka ‘[01m[Kstruct CommPort::ProjectileRx_slow[m[K’} has no member named ‘[01m[Kreceive_target_position[m[K’
[6.015s]   340 |                 comm.rx_struct_slow_.[01;31m[Kreceive_target_position[m[K[0],
[6.015s]       |                                      [01;31m[K^~~~~~~~~~~~~~~~~~~~~~~[m[K
[6.016s] [01m[K/home/orangepi/GM/nuc/GMaster_project/src/contact/src/ContactNode.cpp:341:38:[m[K [01;31m[Kerror: [m[K‘[01m[KCommPort::ProjectileRx_slow[m[K’ {aka ‘[01m[Kstruct CommPort::ProjectileRx_slow[m[K’} has no member named ‘[01m[Kreceive_target_position[m[K’
[6.016s]   341 |                 comm.rx_struct_slow_.[01;31m[Kreceive_target_position[m[K[1],
[6.016s]       |                                      [01;31m[K^~~~~~~~~~~~~~~~~~~~~~~[m[K
[6.016s] [01m[K/home/orangepi/GM/nuc/GMaster_project/src/contact/src/ContactNode.cpp:342:38:[m[K [01;31m[Kerror: [m[K‘[01m[KCommPort::ProjectileRx_slow[m[K’ {aka ‘[01m[Kstruct CommPort::ProjectileRx_slow[m[K’} has no member named ‘[01m[Kreceive_target_robot_id[m[K’
[6.016s]   342 |                 comm.rx_struct_slow_.[01;31m[Kreceive_target_robot_id[m[K);
[6.016s]       |                                      [01;31m[K^~~~~~~~~~~~~~~~~~~~~~~[m[K
[16.155s] gmake[2]: *** [CMakeFiles/contact.dir/build.make:76: CMakeFiles/contact.dir/src/ContactNode.cpp.o] Error 1
[16.156s] gmake[1]: *** [CMakeFiles/Makefile2:154: CMakeFiles/contact.dir/all] Error 2
[16.156s] gmake: *** [Makefile:146: all] Error 2
[16.163s] Invoked command in '/home/orangepi/GM/nuc/GMaster_project/src/contact/build/contact' returned '2': CMAKE_PREFIX_PATH=${CMAKE_PREFIX_PATH}:/opt/ros/humble /usr/bin/cmake --build /home/orangepi/GM/nuc/GMaster_project/src/contact/build/contact -- -j8 -l8
