[0.015s] Invoking command in '/home/orangepi/GM/nuc/GMaster_project/src/contact/build/contact': CMAKE_PREFIX_PATH=/opt/ros/humble /usr/bin/cmake --build /home/orangepi/GM/nuc/GMaster_project/src/contact/build/contact -- -j8 -l8
[0.181s] [ 50%] Built target serial
[0.221s] [35m[1mConsolidate compiler generated dependencies of target contact[0m
[0.262s] [ 62%] [32mBuilding CXX object CMakeFiles/contact.dir/src/ContactNode.cpp.o[0m
[0.272s] [ 75%] [32mBuilding CXX object CMakeFiles/contact.dir/src/CommPort.cpp.o[0m
[1.427s] [01m[K/home/orangepi/GM/nuc/GMaster_project/src/contact/src/CommPort.cpp:[m[K In constructor ‘[01m[KCommPort::CommPort()[m[K’:
[1.427s] [01m[K/home/orangepi/GM/nuc/GMaster_project/src/contact/src/CommPort.cpp:4:18:[m[K [01;35m[Kwarning: [m[KISO C++ forbids converting a string constant to ‘[01m[Kchar*[m[K’ [[01;35m[K]8;;https://gcc.gnu.org/onlinedocs/gcc/Warning-Options.html#index-Wwrite-strings-Wwrite-strings]8;;[m[K]
[1.428s]     4 |   char *device = [01;35m[K"/dev/ttyACM0"[m[K;
[1.428s]       |                  [01;35m[K^~~~~~~~~~~~~~[m[K
[31.410s] [ 87%] [32m[1mLinking CXX executable contact[0m
[33.627s] [100%] Built target contact
[33.659s] Invoked command in '/home/orangepi/GM/nuc/GMaster_project/src/contact/build/contact' returned '0': CMAKE_PREFIX_PATH=/opt/ros/humble /usr/bin/cmake --build /home/orangepi/GM/nuc/GMaster_project/src/contact/build/contact -- -j8 -l8
[33.691s] Invoking command in '/home/orangepi/GM/nuc/GMaster_project/src/contact/build/contact': CMAKE_PREFIX_PATH=/opt/ros/humble /usr/bin/cmake --install /home/orangepi/GM/nuc/GMaster_project/src/contact/build/contact
[33.713s] -- Install configuration: ""
[33.714s] -- Installing: /home/orangepi/GM/nuc/GMaster_project/src/contact/install/contact/lib/contact/contact
[33.729s] -- Set runtime path of "/home/orangepi/GM/nuc/GMaster_project/src/contact/install/contact/lib/contact/contact" to ""
[33.730s] -- Up-to-date: /home/orangepi/GM/nuc/GMaster_project/src/contact/install/contact/share/ament_index/resource_index/package_run_dependencies/contact
[33.731s] -- Up-to-date: /home/orangepi/GM/nuc/GMaster_project/src/contact/install/contact/share/ament_index/resource_index/parent_prefix_path/contact
[33.731s] -- Up-to-date: /home/orangepi/GM/nuc/GMaster_project/src/contact/install/contact/share/contact/environment/ament_prefix_path.sh
[33.732s] -- Up-to-date: /home/orangepi/GM/nuc/GMaster_project/src/contact/install/contact/share/contact/environment/ament_prefix_path.dsv
[33.732s] -- Up-to-date: /home/orangepi/GM/nuc/GMaster_project/src/contact/install/contact/share/contact/environment/path.sh
[33.733s] -- Up-to-date: /home/orangepi/GM/nuc/GMaster_project/src/contact/install/contact/share/contact/environment/path.dsv
[33.734s] -- Up-to-date: /home/orangepi/GM/nuc/GMaster_project/src/contact/install/contact/share/contact/local_setup.bash
[33.737s] -- Up-to-date: /home/orangepi/GM/nuc/GMaster_project/src/contact/install/contact/share/contact/local_setup.sh
[33.738s] -- Up-to-date: /home/orangepi/GM/nuc/GMaster_project/src/contact/install/contact/share/contact/local_setup.zsh
[33.738s] -- Up-to-date: /home/orangepi/GM/nuc/GMaster_project/src/contact/install/contact/share/contact/local_setup.dsv
[33.738s] -- Installing: /home/orangepi/GM/nuc/GMaster_project/src/contact/install/contact/share/contact/package.dsv
[33.738s] -- Up-to-date: /home/orangepi/GM/nuc/GMaster_project/src/contact/install/contact/share/ament_index/resource_index/packages/contact
[33.738s] -- Up-to-date: /home/orangepi/GM/nuc/GMaster_project/src/contact/install/contact/share/contact/cmake/contactConfig.cmake
[33.738s] -- Up-to-date: /home/orangepi/GM/nuc/GMaster_project/src/contact/install/contact/share/contact/cmake/contactConfig-version.cmake
[33.738s] -- Up-to-date: /home/orangepi/GM/nuc/GMaster_project/src/contact/install/contact/share/contact/package.xml
[33.739s] Invoked command in '/home/orangepi/GM/nuc/GMaster_project/src/contact/build/contact' returned '0': CMAKE_PREFIX_PATH=/opt/ros/humble /usr/bin/cmake --install /home/orangepi/GM/nuc/GMaster_project/src/contact/build/contact
